Started GET "/" for ::1 at 2019-06-29 08:56:23 +0530
  [1m[35m (2.1ms)[0m  [1m[34mSELECT sqlite_version(*)[0m
Processing by Rails::WelcomeController#index as HTML
  Rendering /Users/sandeepkhetarpal/.rbenv/versions/2.6.3/lib/ruby/gems/2.6.0/gems/railties-6.0.0.rc1/lib/rails/templates/rails/welcome/index.html.erb
  Rendered /Users/sandeepkhetarpal/.rbenv/versions/2.6.3/lib/ruby/gems/2.6.0/gems/railties-6.0.0.rc1/lib/rails/templates/rails/welcome/index.html.erb (Duration: 8.8ms | Allocations: 484)
Completed 200 OK in 25ms (Views: 14.7ms | ActiveRecord: 0.0ms | Allocations: 2768)


Started GET "/" for ::1 at 2019-06-29 19:57:48 +0530
  [1m[35m (1.0ms)[0m  [1m[34mSELECT sqlite_version(*)[0m
Processing by Rails::WelcomeController#index as HTML
  Rendering /Users/sandeepkhetarpal/.rbenv/versions/2.6.3/lib/ruby/gems/2.6.0/gems/railties-6.0.0.rc1/lib/rails/templates/rails/welcome/index.html.erb
  Rendered /Users/sandeepkhetarpal/.rbenv/versions/2.6.3/lib/ruby/gems/2.6.0/gems/railties-6.0.0.rc1/lib/rails/templates/rails/welcome/index.html.erb (Duration: 5.7ms | Allocations: 311)
Completed 200 OK in 18ms (Views: 8.5ms | ActiveRecord: 0.0ms | Allocations: 2005)


Started GET "/home/index" for ::1 at 2019-06-29 19:57:54 +0530
Processing by HomeController#index as HTML
  Rendering home/index.html.erb within layouts/application
  Rendered home/index.html.erb within layouts/application (Duration: 0.5ms | Allocations: 86)
[Webpacker] Compiling…
[Webpacker] Compilation failed:
error Command "webpack" not found.

Completed 500 Internal Server Error in 1714ms (ActiveRecord: 0.0ms | Allocations: 300628)


  
ActionView::Template::Error (Webpacker can't find application in /Users/sandeepkhetarpal/myapp/public/packs/manifest.json. Possible causes:
1. You want to set webpacker.yml value of compile to true for your environment
   unless you are using the `webpack -w` or the webpack-dev-server.
2. webpack has not yet re-run to reflect updates.
3. You have misconfigured Webpacker's config/webpacker.yml file.
4. Your webpack configuration is not creating a manifest.
Your manifest contains:
{
}
):
     6:     <%= csp_meta_tag %>
     7: 
     8:     <%= stylesheet_link_tag 'application', media: 'all', 'data-turbolinks-track': 'reload' %>
     9:     <%= javascript_pack_tag 'application', 'data-turbolinks-track': 'reload' %>
    10:   </head>
    11: 
    12:   <body>
  
app/views/layouts/application.html.erb:9
Started GET "/" for ::1 at 2019-06-29 20:08:21 +0530
  [1m[35m (1.6ms)[0m  [1m[34mSELECT sqlite_version(*)[0m
Processing by Rails::WelcomeController#index as HTML
  Rendering /Users/sandeepkhetarpal/.rbenv/versions/2.6.3/lib/ruby/gems/2.6.0/gems/railties-6.0.0.rc1/lib/rails/templates/rails/welcome/index.html.erb
  Rendered /Users/sandeepkhetarpal/.rbenv/versions/2.6.3/lib/ruby/gems/2.6.0/gems/railties-6.0.0.rc1/lib/rails/templates/rails/welcome/index.html.erb (Duration: 6.2ms | Allocations: 311)
Completed 200 OK in 17ms (Views: 8.9ms | ActiveRecord: 0.0ms | Allocations: 1676)


Started GET "/" for ::1 at 2019-06-29 20:08:22 +0530
Processing by Rails::WelcomeController#index as HTML
  Rendering /Users/sandeepkhetarpal/.rbenv/versions/2.6.3/lib/ruby/gems/2.6.0/gems/railties-6.0.0.rc1/lib/rails/templates/rails/welcome/index.html.erb
  Rendered /Users/sandeepkhetarpal/.rbenv/versions/2.6.3/lib/ruby/gems/2.6.0/gems/railties-6.0.0.rc1/lib/rails/templates/rails/welcome/index.html.erb (Duration: 10.2ms | Allocations: 365)
Completed 200 OK in 12ms (Views: 11.0ms | ActiveRecord: 0.0ms | Allocations: 1149)


Started GET "/" for ::1 at 2019-06-29 20:09:37 +0530
  [1m[35m (0.1ms)[0m  [1m[34mSELECT sqlite_version(*)[0m
Processing by Rails::WelcomeController#index as HTML
  Rendering /Users/sandeepkhetarpal/.rbenv/versions/2.6.3/lib/ruby/gems/2.6.0/gems/railties-6.0.0.rc1/lib/rails/templates/rails/welcome/index.html.erb
  Rendered /Users/sandeepkhetarpal/.rbenv/versions/2.6.3/lib/ruby/gems/2.6.0/gems/railties-6.0.0.rc1/lib/rails/templates/rails/welcome/index.html.erb (Duration: 6.8ms | Allocations: 192)
Completed 200 OK in 10ms (Views: 7.6ms | ActiveRecord: 0.0ms | Allocations: 1293)


Started GET "/home/index" for ::1 at 2019-06-29 20:09:40 +0530
Processing by HomeController#index as HTML
  Rendering home/index.html.erb within layouts/application
  Rendered home/index.html.erb within layouts/application (Duration: 0.3ms | Allocations: 86)
[Webpacker] Compiling…
Started GET "/homepage/index" for ::1 at 2019-06-29 20:09:45 +0530
  [1m[35m (0.1ms)[0m  [1m[34mSELECT sqlite_version(*)[0m
Processing by HomepageController#index as HTML
  Rendering homepage/index.html.erb within layouts/application
  Rendered homepage/index.html.erb within layouts/application (Duration: 0.4ms | Allocations: 93)
[Webpacker] Compiling…
[Webpacker] Compiled all packs in /Users/sandeepkhetarpal/myapp/public/packs
Completed 200 OK in 4649ms (Views: 4648.6ms | ActiveRecord: 0.0ms | Allocations: 1459745)


[Webpacker] Compiled all packs in /Users/sandeepkhetarpal/myapp/public/packs
Completed 200 OK in 1674ms (Views: 1672.3ms | ActiveRecord: 0.0ms | Allocations: 10573)


Started GET "/homepage/index" for ::1 at 2019-06-29 20:12:28 +0530
Processing by HomepageController#index as HTML
  Rendering homepage/index.html.erb within layouts/application
  Rendered homepage/index.html.erb within layouts/application (Duration: 0.5ms | Allocations: 85)
Completed 200 OK in 14ms (Views: 12.7ms | ActiveRecord: 0.0ms | Allocations: 8426)


Started GET "/homepage/index" for ::1 at 2019-07-01 14:30:17 +0530
  [1m[35m (1.6ms)[0m  [1m[34mSELECT sqlite_version(*)[0m
Processing by HomepageController#index as HTML
  Rendering homepage/index.html.erb within layouts/application
  Rendered homepage/index.html.erb within layouts/application (Duration: 1.3ms | Allocations: 200)
Completed 200 OK in 1044ms (Views: 1032.0ms | ActiveRecord: 0.0ms | Allocations: 1443270)


Started GET "/" for ::1 at 2019-07-01 14:32:50 +0530
  
NoMethodError (undefined method `route' for #<ActionDispatch::Routing::Mapper:0x00007fdd36953060>):
  
config/routes.rb:3:in `block in <main>'
config/routes.rb:1:in `<main>'
Started GET "/" for ::1 at 2019-07-01 14:32:51 +0530
  [1m[35m (0.1ms)[0m  [1m[34mSELECT sqlite_version(*)[0m
  
ActionController::RoutingError (No route matches [GET] "/"):
  
actionpack (6.0.0.rc1) lib/action_dispatch/middleware/debug_exceptions.rb:36:in `call'
actionpack (6.0.0.rc1) lib/action_dispatch/middleware/stack.rb:57:in `block in call'
activesupport (6.0.0.rc1) lib/active_support/notifications.rb:182:in `instrument'
actionpack (6.0.0.rc1) lib/action_dispatch/middleware/stack.rb:56:in `call'
web-console (4.0.0) lib/web_console/middleware.rb:132:in `call_app'
web-console (4.0.0) lib/web_console/middleware.rb:28:in `block in call'
web-console (4.0.0) lib/web_console/middleware.rb:17:in `catch'
web-console (4.0.0) lib/web_console/middleware.rb:17:in `call'
actionpack (6.0.0.rc1) lib/action_dispatch/middleware/stack.rb:57:in `block in call'
activesupport (6.0.0.rc1) lib/active_support/notifications.rb:182:in `instrument'
actionpack (6.0.0.rc1) lib/action_dispatch/middleware/stack.rb:56:in `call'
actionpack (6.0.0.rc1) lib/action_dispatch/middleware/show_exceptions.rb:33:in `call'
actionpack (6.0.0.rc1) lib/action_dispatch/middleware/stack.rb:57:in `block in call'
activesupport (6.0.0.rc1) lib/active_support/notifications.rb:182:in `instrument'
actionpack (6.0.0.rc1) lib/action_dispatch/middleware/stack.rb:56:in `call'
railties (6.0.0.rc1) lib/rails/rack/logger.rb:38:in `call_app'
railties (6.0.0.rc1) lib/rails/rack/logger.rb:26:in `block in call'
activesupport (6.0.0.rc1) lib/active_support/tagged_logging.rb:80:in `block in tagged'
activesupport (6.0.0.rc1) lib/active_support/tagged_logging.rb:28:in `tagged'
activesupport (6.0.0.rc1) lib/active_support/tagged_logging.rb:80:in `tagged'
railties (6.0.0.rc1) lib/rails/rack/logger.rb:26:in `call'
actionpack (6.0.0.rc1) lib/action_dispatch/middleware/stack.rb:57:in `block in call'
activesupport (6.0.0.rc1) lib/active_support/notifications.rb:182:in `instrument'
actionpack (6.0.0.rc1) lib/action_dispatch/middleware/stack.rb:56:in `call'
sprockets-rails (3.2.1) lib/sprockets/rails/quiet_assets.rb:13:in `call'
actionpack (6.0.0.rc1) lib/action_dispatch/middleware/stack.rb:57:in `block in call'
activesupport (6.0.0.rc1) lib/active_support/notifications.rb:182:in `instrument'
actionpack (6.0.0.rc1) lib/action_dispatch/middleware/stack.rb:56:in `call'
actionpack (6.0.0.rc1) lib/action_dispatch/middleware/remote_ip.rb:81:in `call'
actionpack (6.0.0.rc1) lib/action_dispatch/middleware/stack.rb:57:in `block in call'
activesupport (6.0.0.rc1) lib/active_support/notifications.rb:182:in `instrument'
actionpack (6.0.0.rc1) lib/action_dispatch/middleware/stack.rb:56:in `call'
actionpack (6.0.0.rc1) lib/action_dispatch/middleware/request_id.rb:27:in `call'
actionpack (6.0.0.rc1) lib/action_dispatch/middleware/stack.rb:57:in `block in call'
activesupport (6.0.0.rc1) lib/active_support/notifications.rb:182:in `instrument'
actionpack (6.0.0.rc1) lib/action_dispatch/middleware/stack.rb:56:in `call'
rack (2.0.7) lib/rack/method_override.rb:22:in `call'
actionpack (6.0.0.rc1) lib/action_dispatch/middleware/stack.rb:57:in `block in call'
activesupport (6.0.0.rc1) lib/active_support/notifications.rb:182:in `instrument'
actionpack (6.0.0.rc1) lib/action_dispatch/middleware/stack.rb:56:in `call'
rack (2.0.7) lib/rack/runtime.rb:22:in `call'
actionpack (6.0.0.rc1) lib/action_dispatch/middleware/stack.rb:57:in `block in call'
activesupport (6.0.0.rc1) lib/active_support/notifications.rb:182:in `instrument'
actionpack (6.0.0.rc1) lib/action_dispatch/middleware/stack.rb:56:in `call'
activesupport (6.0.0.rc1) lib/active_support/cache/strategy/local_cache_middleware.rb:29:in `call'
actionpack (6.0.0.rc1) lib/action_dispatch/middleware/stack.rb:57:in `block in call'
activesupport (6.0.0.rc1) lib/active_support/notifications.rb:182:in `instrument'
actionpack (6.0.0.rc1) lib/action_dispatch/middleware/stack.rb:56:in `call'
actionpack (6.0.0.rc1) lib/action_dispatch/middleware/executor.rb:14:in `call'
actionpack (6.0.0.rc1) lib/action_dispatch/middleware/stack.rb:57:in `block in call'
activesupport (6.0.0.rc1) lib/active_support/notifications.rb:182:in `instrument'
actionpack (6.0.0.rc1) lib/action_dispatch/middleware/stack.rb:56:in `call'
actionpack (6.0.0.rc1) lib/action_dispatch/middleware/static.rb:126:in `call'
actionpack (6.0.0.rc1) lib/action_dispatch/middleware/stack.rb:57:in `block in call'
activesupport (6.0.0.rc1) lib/active_support/notifications.rb:182:in `instrument'
actionpack (6.0.0.rc1) lib/action_dispatch/middleware/stack.rb:56:in `call'
rack (2.0.7) lib/rack/sendfile.rb:111:in `call'
actionpack (6.0.0.rc1) lib/action_dispatch/middleware/stack.rb:57:in `block in call'
activesupport (6.0.0.rc1) lib/active_support/notifications.rb:182:in `instrument'
actionpack (6.0.0.rc1) lib/action_dispatch/middleware/stack.rb:56:in `call'
actionpack (6.0.0.rc1) lib/action_dispatch/middleware/host_authorization.rb:83:in `call'
actionpack (6.0.0.rc1) lib/action_dispatch/middleware/stack.rb:57:in `block in call'
activesupport (6.0.0.rc1) lib/active_support/notifications.rb:182:in `instrument'
actionpack (6.0.0.rc1) lib/action_dispatch/middleware/stack.rb:56:in `call'
webpacker (4.0.7) lib/webpacker/dev_server_proxy.rb:29:in `perform_request'
rack-proxy (0.6.5) lib/rack/proxy.rb:57:in `call'
actionpack (6.0.0.rc1) lib/action_dispatch/middleware/stack.rb:57:in `block in call'
activesupport (6.0.0.rc1) lib/active_support/notifications.rb:182:in `instrument'
actionpack (6.0.0.rc1) lib/action_dispatch/middleware/stack.rb:56:in `call'
railties (6.0.0.rc1) lib/rails/engine.rb:526:in `call'
puma (3.12.1) lib/puma/configuration.rb:227:in `call'
puma (3.12.1) lib/puma/server.rb:660:in `handle_request'
puma (3.12.1) lib/puma/server.rb:474:in `process_client'
puma (3.12.1) lib/puma/server.rb:334:in `block in run'
puma (3.12.1) lib/puma/thread_pool.rb:135:in `block in spawn_thread'
Started GET "/" for ::1 at 2019-07-01 14:33:07 +0530
  [1m[35m (0.1ms)[0m  [1m[34mSELECT sqlite_version(*)[0m
Processing by HomepageController#index as HTML
  Rendering homepage/index.html.erb within layouts/application
  Rendered homepage/index.html.erb within layouts/application (Duration: 0.0ms | Allocations: 5)
Completed 200 OK in 6ms (Views: 5.9ms | ActiveRecord: 0.0ms | Allocations: 6711)


Started GET "/homepage/index" for ::1 at 2019-07-01 14:34:08 +0530
Processing by HomepageController#index as HTML
  Rendering homepage/index.html.erb within layouts/application
  Rendered homepage/index.html.erb within layouts/application (Duration: 0.0ms | Allocations: 4)
Completed 200 OK in 6ms (Views: 5.4ms | ActiveRecord: 0.0ms | Allocations: 6530)


Started GET "/homepage/index" for ::1 at 2019-07-01 14:34:12 +0530
Processing by HomepageController#index as HTML
  Rendering homepage/index.html.erb within layouts/application
  Rendered homepage/index.html.erb within layouts/application (Duration: 0.0ms | Allocations: 4)
Completed 200 OK in 6ms (Views: 6.0ms | ActiveRecord: 0.0ms | Allocations: 6535)


Started GET "/" for ::1 at 2019-07-01 14:34:15 +0530
Processing by HomepageController#index as HTML
  Rendering homepage/index.html.erb within layouts/application
  Rendered homepage/index.html.erb within layouts/application (Duration: 0.0ms | Allocations: 4)
Completed 200 OK in 10ms (Views: 9.3ms | ActiveRecord: 0.0ms | Allocations: 6533)


Started GET "/" for ::1 at 2019-07-01 14:34:34 +0530
  [1m[35m (0.1ms)[0m  [1m[34mSELECT sqlite_version(*)[0m
Processing by HomepageController#index as HTML
  Rendering homepage/index.html.erb within layouts/application
  Rendered homepage/index.html.erb within layouts/application (Duration: 0.1ms | Allocations: 4)
Completed 200 OK in 9ms (Views: 8.3ms | ActiveRecord: 0.0ms | Allocations: 6610)


Started GET "/homepage/index" for ::1 at 2019-07-01 14:34:38 +0530
  
ActionController::RoutingError (No route matches [GET] "/homepage/index"):
  
actionpack (6.0.0.rc1) lib/action_dispatch/middleware/debug_exceptions.rb:36:in `call'
actionpack (6.0.0.rc1) lib/action_dispatch/middleware/stack.rb:57:in `block in call'
activesupport (6.0.0.rc1) lib/active_support/notifications.rb:182:in `instrument'
actionpack (6.0.0.rc1) lib/action_dispatch/middleware/stack.rb:56:in `call'
web-console (4.0.0) lib/web_console/middleware.rb:132:in `call_app'
web-console (4.0.0) lib/web_console/middleware.rb:28:in `block in call'
web-console (4.0.0) lib/web_console/middleware.rb:17:in `catch'
web-console (4.0.0) lib/web_console/middleware.rb:17:in `call'
actionpack (6.0.0.rc1) lib/action_dispatch/middleware/stack.rb:57:in `block in call'
activesupport (6.0.0.rc1) lib/active_support/notifications.rb:182:in `instrument'
actionpack (6.0.0.rc1) lib/action_dispatch/middleware/stack.rb:56:in `call'
actionpack (6.0.0.rc1) lib/action_dispatch/middleware/show_exceptions.rb:33:in `call'
actionpack (6.0.0.rc1) lib/action_dispatch/middleware/stack.rb:57:in `block in call'
activesupport (6.0.0.rc1) lib/active_support/notifications.rb:182:in `instrument'
actionpack (6.0.0.rc1) lib/action_dispatch/middleware/stack.rb:56:in `call'
railties (6.0.0.rc1) lib/rails/rack/logger.rb:38:in `call_app'
railties (6.0.0.rc1) lib/rails/rack/logger.rb:26:in `block in call'
activesupport (6.0.0.rc1) lib/active_support/tagged_logging.rb:80:in `block in tagged'
activesupport (6.0.0.rc1) lib/active_support/tagged_logging.rb:28:in `tagged'
activesupport (6.0.0.rc1) lib/active_support/tagged_logging.rb:80:in `tagged'
railties (6.0.0.rc1) lib/rails/rack/logger.rb:26:in `call'
actionpack (6.0.0.rc1) lib/action_dispatch/middleware/stack.rb:57:in `block in call'
activesupport (6.0.0.rc1) lib/active_support/notifications.rb:182:in `instrument'
actionpack (6.0.0.rc1) lib/action_dispatch/middleware/stack.rb:56:in `call'
sprockets-rails (3.2.1) lib/sprockets/rails/quiet_assets.rb:13:in `call'
actionpack (6.0.0.rc1) lib/action_dispatch/middleware/stack.rb:57:in `block in call'
activesupport (6.0.0.rc1) lib/active_support/notifications.rb:182:in `instrument'
actionpack (6.0.0.rc1) lib/action_dispatch/middleware/stack.rb:56:in `call'
actionpack (6.0.0.rc1) lib/action_dispatch/middleware/remote_ip.rb:81:in `call'
actionpack (6.0.0.rc1) lib/action_dispatch/middleware/stack.rb:57:in `block in call'
activesupport (6.0.0.rc1) lib/active_support/notifications.rb:182:in `instrument'
actionpack (6.0.0.rc1) lib/action_dispatch/middleware/stack.rb:56:in `call'
actionpack (6.0.0.rc1) lib/action_dispatch/middleware/request_id.rb:27:in `call'
actionpack (6.0.0.rc1) lib/action_dispatch/middleware/stack.rb:57:in `block in call'
activesupport (6.0.0.rc1) lib/active_support/notifications.rb:182:in `instrument'
actionpack (6.0.0.rc1) lib/action_dispatch/middleware/stack.rb:56:in `call'
rack (2.0.7) lib/rack/method_override.rb:22:in `call'
actionpack (6.0.0.rc1) lib/action_dispatch/middleware/stack.rb:57:in `block in call'
activesupport (6.0.0.rc1) lib/active_support/notifications.rb:182:in `instrument'
actionpack (6.0.0.rc1) lib/action_dispatch/middleware/stack.rb:56:in `call'
rack (2.0.7) lib/rack/runtime.rb:22:in `call'
actionpack (6.0.0.rc1) lib/action_dispatch/middleware/stack.rb:57:in `block in call'
activesupport (6.0.0.rc1) lib/active_support/notifications.rb:182:in `instrument'
actionpack (6.0.0.rc1) lib/action_dispatch/middleware/stack.rb:56:in `call'
activesupport (6.0.0.rc1) lib/active_support/cache/strategy/local_cache_middleware.rb:29:in `call'
actionpack (6.0.0.rc1) lib/action_dispatch/middleware/stack.rb:57:in `block in call'
activesupport (6.0.0.rc1) lib/active_support/notifications.rb:182:in `instrument'
actionpack (6.0.0.rc1) lib/action_dispatch/middleware/stack.rb:56:in `call'
actionpack (6.0.0.rc1) lib/action_dispatch/middleware/executor.rb:14:in `call'
actionpack (6.0.0.rc1) lib/action_dispatch/middleware/stack.rb:57:in `block in call'
activesupport (6.0.0.rc1) lib/active_support/notifications.rb:182:in `instrument'
actionpack (6.0.0.rc1) lib/action_dispatch/middleware/stack.rb:56:in `call'
actionpack (6.0.0.rc1) lib/action_dispatch/middleware/static.rb:126:in `call'
actionpack (6.0.0.rc1) lib/action_dispatch/middleware/stack.rb:57:in `block in call'
activesupport (6.0.0.rc1) lib/active_support/notifications.rb:182:in `instrument'
actionpack (6.0.0.rc1) lib/action_dispatch/middleware/stack.rb:56:in `call'
rack (2.0.7) lib/rack/sendfile.rb:111:in `call'
actionpack (6.0.0.rc1) lib/action_dispatch/middleware/stack.rb:57:in `block in call'
activesupport (6.0.0.rc1) lib/active_support/notifications.rb:182:in `instrument'
actionpack (6.0.0.rc1) lib/action_dispatch/middleware/stack.rb:56:in `call'
actionpack (6.0.0.rc1) lib/action_dispatch/middleware/host_authorization.rb:83:in `call'
actionpack (6.0.0.rc1) lib/action_dispatch/middleware/stack.rb:57:in `block in call'
activesupport (6.0.0.rc1) lib/active_support/notifications.rb:182:in `instrument'
actionpack (6.0.0.rc1) lib/action_dispatch/middleware/stack.rb:56:in `call'
webpacker (4.0.7) lib/webpacker/dev_server_proxy.rb:29:in `perform_request'
rack-proxy (0.6.5) lib/rack/proxy.rb:57:in `call'
actionpack (6.0.0.rc1) lib/action_dispatch/middleware/stack.rb:57:in `block in call'
activesupport (6.0.0.rc1) lib/active_support/notifications.rb:182:in `instrument'
actionpack (6.0.0.rc1) lib/action_dispatch/middleware/stack.rb:56:in `call'
railties (6.0.0.rc1) lib/rails/engine.rb:526:in `call'
puma (3.12.1) lib/puma/configuration.rb:227:in `call'
puma (3.12.1) lib/puma/server.rb:660:in `handle_request'
puma (3.12.1) lib/puma/server.rb:474:in `process_client'
puma (3.12.1) lib/puma/server.rb:334:in `block in run'
puma (3.12.1) lib/puma/thread_pool.rb:135:in `block in spawn_thread'
Started GET "/homepage/index" for ::1 at 2019-07-01 14:34:41 +0530
  
ActionController::RoutingError (No route matches [GET] "/homepage/index"):
  
actionpack (6.0.0.rc1) lib/action_dispatch/middleware/debug_exceptions.rb:36:in `call'
actionpack (6.0.0.rc1) lib/action_dispatch/middleware/stack.rb:57:in `block in call'
activesupport (6.0.0.rc1) lib/active_support/notifications.rb:182:in `instrument'
actionpack (6.0.0.rc1) lib/action_dispatch/middleware/stack.rb:56:in `call'
web-console (4.0.0) lib/web_console/middleware.rb:132:in `call_app'
web-console (4.0.0) lib/web_console/middleware.rb:28:in `block in call'
web-console (4.0.0) lib/web_console/middleware.rb:17:in `catch'
web-console (4.0.0) lib/web_console/middleware.rb:17:in `call'
actionpack (6.0.0.rc1) lib/action_dispatch/middleware/stack.rb:57:in `block in call'
activesupport (6.0.0.rc1) lib/active_support/notifications.rb:182:in `instrument'
actionpack (6.0.0.rc1) lib/action_dispatch/middleware/stack.rb:56:in `call'
actionpack (6.0.0.rc1) lib/action_dispatch/middleware/show_exceptions.rb:33:in `call'
actionpack (6.0.0.rc1) lib/action_dispatch/middleware/stack.rb:57:in `block in call'
activesupport (6.0.0.rc1) lib/active_support/notifications.rb:182:in `instrument'
actionpack (6.0.0.rc1) lib/action_dispatch/middleware/stack.rb:56:in `call'
railties (6.0.0.rc1) lib/rails/rack/logger.rb:38:in `call_app'
railties (6.0.0.rc1) lib/rails/rack/logger.rb:26:in `block in call'
activesupport (6.0.0.rc1) lib/active_support/tagged_logging.rb:80:in `block in tagged'
activesupport (6.0.0.rc1) lib/active_support/tagged_logging.rb:28:in `tagged'
activesupport (6.0.0.rc1) lib/active_support/tagged_logging.rb:80:in `tagged'
railties (6.0.0.rc1) lib/rails/rack/logger.rb:26:in `call'
actionpack (6.0.0.rc1) lib/action_dispatch/middleware/stack.rb:57:in `block in call'
activesupport (6.0.0.rc1) lib/active_support/notifications.rb:182:in `instrument'
actionpack (6.0.0.rc1) lib/action_dispatch/middleware/stack.rb:56:in `call'
sprockets-rails (3.2.1) lib/sprockets/rails/quiet_assets.rb:13:in `call'
actionpack (6.0.0.rc1) lib/action_dispatch/middleware/stack.rb:57:in `block in call'
activesupport (6.0.0.rc1) lib/active_support/notifications.rb:182:in `instrument'
actionpack (6.0.0.rc1) lib/action_dispatch/middleware/stack.rb:56:in `call'
actionpack (6.0.0.rc1) lib/action_dispatch/middleware/remote_ip.rb:81:in `call'
actionpack (6.0.0.rc1) lib/action_dispatch/middleware/stack.rb:57:in `block in call'
activesupport (6.0.0.rc1) lib/active_support/notifications.rb:182:in `instrument'
actionpack (6.0.0.rc1) lib/action_dispatch/middleware/stack.rb:56:in `call'
actionpack (6.0.0.rc1) lib/action_dispatch/middleware/request_id.rb:27:in `call'
actionpack (6.0.0.rc1) lib/action_dispatch/middleware/stack.rb:57:in `block in call'
activesupport (6.0.0.rc1) lib/active_support/notifications.rb:182:in `instrument'
actionpack (6.0.0.rc1) lib/action_dispatch/middleware/stack.rb:56:in `call'
rack (2.0.7) lib/rack/method_override.rb:22:in `call'
actionpack (6.0.0.rc1) lib/action_dispatch/middleware/stack.rb:57:in `block in call'
activesupport (6.0.0.rc1) lib/active_support/notifications.rb:182:in `instrument'
actionpack (6.0.0.rc1) lib/action_dispatch/middleware/stack.rb:56:in `call'
rack (2.0.7) lib/rack/runtime.rb:22:in `call'
actionpack (6.0.0.rc1) lib/action_dispatch/middleware/stack.rb:57:in `block in call'
activesupport (6.0.0.rc1) lib/active_support/notifications.rb:182:in `instrument'
actionpack (6.0.0.rc1) lib/action_dispatch/middleware/stack.rb:56:in `call'
activesupport (6.0.0.rc1) lib/active_support/cache/strategy/local_cache_middleware.rb:29:in `call'
actionpack (6.0.0.rc1) lib/action_dispatch/middleware/stack.rb:57:in `block in call'
activesupport (6.0.0.rc1) lib/active_support/notifications.rb:182:in `instrument'
actionpack (6.0.0.rc1) lib/action_dispatch/middleware/stack.rb:56:in `call'
actionpack (6.0.0.rc1) lib/action_dispatch/middleware/executor.rb:14:in `call'
actionpack (6.0.0.rc1) lib/action_dispatch/middleware/stack.rb:57:in `block in call'
activesupport (6.0.0.rc1) lib/active_support/notifications.rb:182:in `instrument'
actionpack (6.0.0.rc1) lib/action_dispatch/middleware/stack.rb:56:in `call'
actionpack (6.0.0.rc1) lib/action_dispatch/middleware/static.rb:126:in `call'
actionpack (6.0.0.rc1) lib/action_dispatch/middleware/stack.rb:57:in `block in call'
activesupport (6.0.0.rc1) lib/active_support/notifications.rb:182:in `instrument'
actionpack (6.0.0.rc1) lib/action_dispatch/middleware/stack.rb:56:in `call'
rack (2.0.7) lib/rack/sendfile.rb:111:in `call'
actionpack (6.0.0.rc1) lib/action_dispatch/middleware/stack.rb:57:in `block in call'
activesupport (6.0.0.rc1) lib/active_support/notifications.rb:182:in `instrument'
actionpack (6.0.0.rc1) lib/action_dispatch/middleware/stack.rb:56:in `call'
actionpack (6.0.0.rc1) lib/action_dispatch/middleware/host_authorization.rb:83:in `call'
actionpack (6.0.0.rc1) lib/action_dispatch/middleware/stack.rb:57:in `block in call'
activesupport (6.0.0.rc1) lib/active_support/notifications.rb:182:in `instrument'
actionpack (6.0.0.rc1) lib/action_dispatch/middleware/stack.rb:56:in `call'
webpacker (4.0.7) lib/webpacker/dev_server_proxy.rb:29:in `perform_request'
rack-proxy (0.6.5) lib/rack/proxy.rb:57:in `call'
actionpack (6.0.0.rc1) lib/action_dispatch/middleware/stack.rb:57:in `block in call'
activesupport (6.0.0.rc1) lib/active_support/notifications.rb:182:in `instrument'
actionpack (6.0.0.rc1) lib/action_dispatch/middleware/stack.rb:56:in `call'
railties (6.0.0.rc1) lib/rails/engine.rb:526:in `call'
puma (3.12.1) lib/puma/configuration.rb:227:in `call'
puma (3.12.1) lib/puma/server.rb:660:in `handle_request'
puma (3.12.1) lib/puma/server.rb:474:in `process_client'
puma (3.12.1) lib/puma/server.rb:334:in `block in run'
puma (3.12.1) lib/puma/thread_pool.rb:135:in `block in spawn_thread'
Started GET "/homepage/index" for ::1 at 2019-07-01 14:34:43 +0530
  
ActionController::RoutingError (No route matches [GET] "/homepage/index"):
  
actionpack (6.0.0.rc1) lib/action_dispatch/middleware/debug_exceptions.rb:36:in `call'
actionpack (6.0.0.rc1) lib/action_dispatch/middleware/stack.rb:57:in `block in call'
activesupport (6.0.0.rc1) lib/active_support/notifications.rb:182:in `instrument'
actionpack (6.0.0.rc1) lib/action_dispatch/middleware/stack.rb:56:in `call'
web-console (4.0.0) lib/web_console/middleware.rb:132:in `call_app'
web-console (4.0.0) lib/web_console/middleware.rb:28:in `block in call'
web-console (4.0.0) lib/web_console/middleware.rb:17:in `catch'
web-console (4.0.0) lib/web_console/middleware.rb:17:in `call'
actionpack (6.0.0.rc1) lib/action_dispatch/middleware/stack.rb:57:in `block in call'
activesupport (6.0.0.rc1) lib/active_support/notifications.rb:182:in `instrument'
actionpack (6.0.0.rc1) lib/action_dispatch/middleware/stack.rb:56:in `call'
actionpack (6.0.0.rc1) lib/action_dispatch/middleware/show_exceptions.rb:33:in `call'
actionpack (6.0.0.rc1) lib/action_dispatch/middleware/stack.rb:57:in `block in call'
activesupport (6.0.0.rc1) lib/active_support/notifications.rb:182:in `instrument'
actionpack (6.0.0.rc1) lib/action_dispatch/middleware/stack.rb:56:in `call'
railties (6.0.0.rc1) lib/rails/rack/logger.rb:38:in `call_app'
railties (6.0.0.rc1) lib/rails/rack/logger.rb:26:in `block in call'
activesupport (6.0.0.rc1) lib/active_support/tagged_logging.rb:80:in `block in tagged'
activesupport (6.0.0.rc1) lib/active_support/tagged_logging.rb:28:in `tagged'
activesupport (6.0.0.rc1) lib/active_support/tagged_logging.rb:80:in `tagged'
railties (6.0.0.rc1) lib/rails/rack/logger.rb:26:in `call'
actionpack (6.0.0.rc1) lib/action_dispatch/middleware/stack.rb:57:in `block in call'
activesupport (6.0.0.rc1) lib/active_support/notifications.rb:182:in `instrument'
actionpack (6.0.0.rc1) lib/action_dispatch/middleware/stack.rb:56:in `call'
sprockets-rails (3.2.1) lib/sprockets/rails/quiet_assets.rb:13:in `call'
actionpack (6.0.0.rc1) lib/action_dispatch/middleware/stack.rb:57:in `block in call'
activesupport (6.0.0.rc1) lib/active_support/notifications.rb:182:in `instrument'
actionpack (6.0.0.rc1) lib/action_dispatch/middleware/stack.rb:56:in `call'
actionpack (6.0.0.rc1) lib/action_dispatch/middleware/remote_ip.rb:81:in `call'
actionpack (6.0.0.rc1) lib/action_dispatch/middleware/stack.rb:57:in `block in call'
activesupport (6.0.0.rc1) lib/active_support/notifications.rb:182:in `instrument'
actionpack (6.0.0.rc1) lib/action_dispatch/middleware/stack.rb:56:in `call'
actionpack (6.0.0.rc1) lib/action_dispatch/middleware/request_id.rb:27:in `call'
actionpack (6.0.0.rc1) lib/action_dispatch/middleware/stack.rb:57:in `block in call'
activesupport (6.0.0.rc1) lib/active_support/notifications.rb:182:in `instrument'
actionpack (6.0.0.rc1) lib/action_dispatch/middleware/stack.rb:56:in `call'
rack (2.0.7) lib/rack/method_override.rb:22:in `call'
actionpack (6.0.0.rc1) lib/action_dispatch/middleware/stack.rb:57:in `block in call'
activesupport (6.0.0.rc1) lib/active_support/notifications.rb:182:in `instrument'
actionpack (6.0.0.rc1) lib/action_dispatch/middleware/stack.rb:56:in `call'
rack (2.0.7) lib/rack/runtime.rb:22:in `call'
actionpack (6.0.0.rc1) lib/action_dispatch/middleware/stack.rb:57:in `block in call'
activesupport (6.0.0.rc1) lib/active_support/notifications.rb:182:in `instrument'
actionpack (6.0.0.rc1) lib/action_dispatch/middleware/stack.rb:56:in `call'
activesupport (6.0.0.rc1) lib/active_support/cache/strategy/local_cache_middleware.rb:29:in `call'
actionpack (6.0.0.rc1) lib/action_dispatch/middleware/stack.rb:57:in `block in call'
activesupport (6.0.0.rc1) lib/active_support/notifications.rb:182:in `instrument'
actionpack (6.0.0.rc1) lib/action_dispatch/middleware/stack.rb:56:in `call'
actionpack (6.0.0.rc1) lib/action_dispatch/middleware/executor.rb:14:in `call'
actionpack (6.0.0.rc1) lib/action_dispatch/middleware/stack.rb:57:in `block in call'
activesupport (6.0.0.rc1) lib/active_support/notifications.rb:182:in `instrument'
actionpack (6.0.0.rc1) lib/action_dispatch/middleware/stack.rb:56:in `call'
actionpack (6.0.0.rc1) lib/action_dispatch/middleware/static.rb:126:in `call'
actionpack (6.0.0.rc1) lib/action_dispatch/middleware/stack.rb:57:in `block in call'
activesupport (6.0.0.rc1) lib/active_support/notifications.rb:182:in `instrument'
actionpack (6.0.0.rc1) lib/action_dispatch/middleware/stack.rb:56:in `call'
rack (2.0.7) lib/rack/sendfile.rb:111:in `call'
actionpack (6.0.0.rc1) lib/action_dispatch/middleware/stack.rb:57:in `block in call'
activesupport (6.0.0.rc1) lib/active_support/notifications.rb:182:in `instrument'
actionpack (6.0.0.rc1) lib/action_dispatch/middleware/stack.rb:56:in `call'
actionpack (6.0.0.rc1) lib/action_dispatch/middleware/host_authorization.rb:83:in `call'
actionpack (6.0.0.rc1) lib/action_dispatch/middleware/stack.rb:57:in `block in call'
activesupport (6.0.0.rc1) lib/active_support/notifications.rb:182:in `instrument'
actionpack (6.0.0.rc1) lib/action_dispatch/middleware/stack.rb:56:in `call'
webpacker (4.0.7) lib/webpacker/dev_server_proxy.rb:29:in `perform_request'
rack-proxy (0.6.5) lib/rack/proxy.rb:57:in `call'
actionpack (6.0.0.rc1) lib/action_dispatch/middleware/stack.rb:57:in `block in call'
activesupport (6.0.0.rc1) lib/active_support/notifications.rb:182:in `instrument'
actionpack (6.0.0.rc1) lib/action_dispatch/middleware/stack.rb:56:in `call'
railties (6.0.0.rc1) lib/rails/engine.rb:526:in `call'
puma (3.12.1) lib/puma/configuration.rb:227:in `call'
puma (3.12.1) lib/puma/server.rb:660:in `handle_request'
puma (3.12.1) lib/puma/server.rb:474:in `process_client'
puma (3.12.1) lib/puma/server.rb:334:in `block in run'
puma (3.12.1) lib/puma/thread_pool.rb:135:in `block in spawn_thread'
Started GET "/homepage.index" for ::1 at 2019-07-01 14:34:46 +0530
  
ActionController::RoutingError (No route matches [GET] "/homepage.index"):
  
actionpack (6.0.0.rc1) lib/action_dispatch/middleware/debug_exceptions.rb:36:in `call'
actionpack (6.0.0.rc1) lib/action_dispatch/middleware/stack.rb:57:in `block in call'
activesupport (6.0.0.rc1) lib/active_support/notifications.rb:182:in `instrument'
actionpack (6.0.0.rc1) lib/action_dispatch/middleware/stack.rb:56:in `call'
web-console (4.0.0) lib/web_console/middleware.rb:132:in `call_app'
web-console (4.0.0) lib/web_console/middleware.rb:28:in `block in call'
web-console (4.0.0) lib/web_console/middleware.rb:17:in `catch'
web-console (4.0.0) lib/web_console/middleware.rb:17:in `call'
actionpack (6.0.0.rc1) lib/action_dispatch/middleware/stack.rb:57:in `block in call'
activesupport (6.0.0.rc1) lib/active_support/notifications.rb:182:in `instrument'
actionpack (6.0.0.rc1) lib/action_dispatch/middleware/stack.rb:56:in `call'
actionpack (6.0.0.rc1) lib/action_dispatch/middleware/show_exceptions.rb:33:in `call'
actionpack (6.0.0.rc1) lib/action_dispatch/middleware/stack.rb:57:in `block in call'
activesupport (6.0.0.rc1) lib/active_support/notifications.rb:182:in `instrument'
actionpack (6.0.0.rc1) lib/action_dispatch/middleware/stack.rb:56:in `call'
railties (6.0.0.rc1) lib/rails/rack/logger.rb:38:in `call_app'
railties (6.0.0.rc1) lib/rails/rack/logger.rb:26:in `block in call'
activesupport (6.0.0.rc1) lib/active_support/tagged_logging.rb:80:in `block in tagged'
activesupport (6.0.0.rc1) lib/active_support/tagged_logging.rb:28:in `tagged'
activesupport (6.0.0.rc1) lib/active_support/tagged_logging.rb:80:in `tagged'
railties (6.0.0.rc1) lib/rails/rack/logger.rb:26:in `call'
actionpack (6.0.0.rc1) lib/action_dispatch/middleware/stack.rb:57:in `block in call'
activesupport (6.0.0.rc1) lib/active_support/notifications.rb:182:in `instrument'
actionpack (6.0.0.rc1) lib/action_dispatch/middleware/stack.rb:56:in `call'
sprockets-rails (3.2.1) lib/sprockets/rails/quiet_assets.rb:13:in `call'
actionpack (6.0.0.rc1) lib/action_dispatch/middleware/stack.rb:57:in `block in call'
activesupport (6.0.0.rc1) lib/active_support/notifications.rb:182:in `instrument'
actionpack (6.0.0.rc1) lib/action_dispatch/middleware/stack.rb:56:in `call'
actionpack (6.0.0.rc1) lib/action_dispatch/middleware/remote_ip.rb:81:in `call'
actionpack (6.0.0.rc1) lib/action_dispatch/middleware/stack.rb:57:in `block in call'
activesupport (6.0.0.rc1) lib/active_support/notifications.rb:182:in `instrument'
actionpack (6.0.0.rc1) lib/action_dispatch/middleware/stack.rb:56:in `call'
actionpack (6.0.0.rc1) lib/action_dispatch/middleware/request_id.rb:27:in `call'
actionpack (6.0.0.rc1) lib/action_dispatch/middleware/stack.rb:57:in `block in call'
activesupport (6.0.0.rc1) lib/active_support/notifications.rb:182:in `instrument'
actionpack (6.0.0.rc1) lib/action_dispatch/middleware/stack.rb:56:in `call'
rack (2.0.7) lib/rack/method_override.rb:22:in `call'
actionpack (6.0.0.rc1) lib/action_dispatch/middleware/stack.rb:57:in `block in call'
activesupport (6.0.0.rc1) lib/active_support/notifications.rb:182:in `instrument'
actionpack (6.0.0.rc1) lib/action_dispatch/middleware/stack.rb:56:in `call'
rack (2.0.7) lib/rack/runtime.rb:22:in `call'
actionpack (6.0.0.rc1) lib/action_dispatch/middleware/stack.rb:57:in `block in call'
activesupport (6.0.0.rc1) lib/active_support/notifications.rb:182:in `instrument'
actionpack (6.0.0.rc1) lib/action_dispatch/middleware/stack.rb:56:in `call'
activesupport (6.0.0.rc1) lib/active_support/cache/strategy/local_cache_middleware.rb:29:in `call'
actionpack (6.0.0.rc1) lib/action_dispatch/middleware/stack.rb:57:in `block in call'
activesupport (6.0.0.rc1) lib/active_support/notifications.rb:182:in `instrument'
actionpack (6.0.0.rc1) lib/action_dispatch/middleware/stack.rb:56:in `call'
actionpack (6.0.0.rc1) lib/action_dispatch/middleware/executor.rb:14:in `call'
actionpack (6.0.0.rc1) lib/action_dispatch/middleware/stack.rb:57:in `block in call'
activesupport (6.0.0.rc1) lib/active_support/notifications.rb:182:in `instrument'
actionpack (6.0.0.rc1) lib/action_dispatch/middleware/stack.rb:56:in `call'
actionpack (6.0.0.rc1) lib/action_dispatch/middleware/static.rb:126:in `call'
actionpack (6.0.0.rc1) lib/action_dispatch/middleware/stack.rb:57:in `block in call'
activesupport (6.0.0.rc1) lib/active_support/notifications.rb:182:in `instrument'
actionpack (6.0.0.rc1) lib/action_dispatch/middleware/stack.rb:56:in `call'
rack (2.0.7) lib/rack/sendfile.rb:111:in `call'
actionpack (6.0.0.rc1) lib/action_dispatch/middleware/stack.rb:57:in `block in call'
activesupport (6.0.0.rc1) lib/active_support/notifications.rb:182:in `instrument'
actionpack (6.0.0.rc1) lib/action_dispatch/middleware/stack.rb:56:in `call'
actionpack (6.0.0.rc1) lib/action_dispatch/middleware/host_authorization.rb:83:in `call'
actionpack (6.0.0.rc1) lib/action_dispatch/middleware/stack.rb:57:in `block in call'
activesupport (6.0.0.rc1) lib/active_support/notifications.rb:182:in `instrument'
actionpack (6.0.0.rc1) lib/action_dispatch/middleware/stack.rb:56:in `call'
webpacker (4.0.7) lib/webpacker/dev_server_proxy.rb:29:in `perform_request'
rack-proxy (0.6.5) lib/rack/proxy.rb:57:in `call'
actionpack (6.0.0.rc1) lib/action_dispatch/middleware/stack.rb:57:in `block in call'
activesupport (6.0.0.rc1) lib/active_support/notifications.rb:182:in `instrument'
actionpack (6.0.0.rc1) lib/action_dispatch/middleware/stack.rb:56:in `call'
railties (6.0.0.rc1) lib/rails/engine.rb:526:in `call'
puma (3.12.1) lib/puma/configuration.rb:227:in `call'
puma (3.12.1) lib/puma/server.rb:660:in `handle_request'
puma (3.12.1) lib/puma/server.rb:474:in `process_client'
puma (3.12.1) lib/puma/server.rb:334:in `block in run'
puma (3.12.1) lib/puma/thread_pool.rb:135:in `block in spawn_thread'
Started GET "/homepage/index" for ::1 at 2019-07-01 14:34:51 +0530
  
ActionController::RoutingError (No route matches [GET] "/homepage/index"):
  
actionpack (6.0.0.rc1) lib/action_dispatch/middleware/debug_exceptions.rb:36:in `call'
actionpack (6.0.0.rc1) lib/action_dispatch/middleware/stack.rb:57:in `block in call'
activesupport (6.0.0.rc1) lib/active_support/notifications.rb:182:in `instrument'
actionpack (6.0.0.rc1) lib/action_dispatch/middleware/stack.rb:56:in `call'
web-console (4.0.0) lib/web_console/middleware.rb:132:in `call_app'
web-console (4.0.0) lib/web_console/middleware.rb:28:in `block in call'
web-console (4.0.0) lib/web_console/middleware.rb:17:in `catch'
web-console (4.0.0) lib/web_console/middleware.rb:17:in `call'
actionpack (6.0.0.rc1) lib/action_dispatch/middleware/stack.rb:57:in `block in call'
activesupport (6.0.0.rc1) lib/active_support/notifications.rb:182:in `instrument'
actionpack (6.0.0.rc1) lib/action_dispatch/middleware/stack.rb:56:in `call'
actionpack (6.0.0.rc1) lib/action_dispatch/middleware/show_exceptions.rb:33:in `call'
actionpack (6.0.0.rc1) lib/action_dispatch/middleware/stack.rb:57:in `block in call'
activesupport (6.0.0.rc1) lib/active_support/notifications.rb:182:in `instrument'
actionpack (6.0.0.rc1) lib/action_dispatch/middleware/stack.rb:56:in `call'
railties (6.0.0.rc1) lib/rails/rack/logger.rb:38:in `call_app'
railties (6.0.0.rc1) lib/rails/rack/logger.rb:26:in `block in call'
activesupport (6.0.0.rc1) lib/active_support/tagged_logging.rb:80:in `block in tagged'
activesupport (6.0.0.rc1) lib/active_support/tagged_logging.rb:28:in `tagged'
activesupport (6.0.0.rc1) lib/active_support/tagged_logging.rb:80:in `tagged'
railties (6.0.0.rc1) lib/rails/rack/logger.rb:26:in `call'
actionpack (6.0.0.rc1) lib/action_dispatch/middleware/stack.rb:57:in `block in call'
activesupport (6.0.0.rc1) lib/active_support/notifications.rb:182:in `instrument'
actionpack (6.0.0.rc1) lib/action_dispatch/middleware/stack.rb:56:in `call'
sprockets-rails (3.2.1) lib/sprockets/rails/quiet_assets.rb:13:in `call'
actionpack (6.0.0.rc1) lib/action_dispatch/middleware/stack.rb:57:in `block in call'
activesupport (6.0.0.rc1) lib/active_support/notifications.rb:182:in `instrument'
actionpack (6.0.0.rc1) lib/action_dispatch/middleware/stack.rb:56:in `call'
actionpack (6.0.0.rc1) lib/action_dispatch/middleware/remote_ip.rb:81:in `call'
actionpack (6.0.0.rc1) lib/action_dispatch/middleware/stack.rb:57:in `block in call'
activesupport (6.0.0.rc1) lib/active_support/notifications.rb:182:in `instrument'
actionpack (6.0.0.rc1) lib/action_dispatch/middleware/stack.rb:56:in `call'
actionpack (6.0.0.rc1) lib/action_dispatch/middleware/request_id.rb:27:in `call'
actionpack (6.0.0.rc1) lib/action_dispatch/middleware/stack.rb:57:in `block in call'
activesupport (6.0.0.rc1) lib/active_support/notifications.rb:182:in `instrument'
actionpack (6.0.0.rc1) lib/action_dispatch/middleware/stack.rb:56:in `call'
rack (2.0.7) lib/rack/method_override.rb:22:in `call'
actionpack (6.0.0.rc1) lib/action_dispatch/middleware/stack.rb:57:in `block in call'
activesupport (6.0.0.rc1) lib/active_support/notifications.rb:182:in `instrument'
actionpack (6.0.0.rc1) lib/action_dispatch/middleware/stack.rb:56:in `call'
rack (2.0.7) lib/rack/runtime.rb:22:in `call'
actionpack (6.0.0.rc1) lib/action_dispatch/middleware/stack.rb:57:in `block in call'
activesupport (6.0.0.rc1) lib/active_support/notifications.rb:182:in `instrument'
actionpack (6.0.0.rc1) lib/action_dispatch/middleware/stack.rb:56:in `call'
activesupport (6.0.0.rc1) lib/active_support/cache/strategy/local_cache_middleware.rb:29:in `call'
actionpack (6.0.0.rc1) lib/action_dispatch/middleware/stack.rb:57:in `block in call'
activesupport (6.0.0.rc1) lib/active_support/notifications.rb:182:in `instrument'
actionpack (6.0.0.rc1) lib/action_dispatch/middleware/stack.rb:56:in `call'
actionpack (6.0.0.rc1) lib/action_dispatch/middleware/executor.rb:14:in `call'
actionpack (6.0.0.rc1) lib/action_dispatch/middleware/stack.rb:57:in `block in call'
activesupport (6.0.0.rc1) lib/active_support/notifications.rb:182:in `instrument'
actionpack (6.0.0.rc1) lib/action_dispatch/middleware/stack.rb:56:in `call'
actionpack (6.0.0.rc1) lib/action_dispatch/middleware/static.rb:126:in `call'
actionpack (6.0.0.rc1) lib/action_dispatch/middleware/stack.rb:57:in `block in call'
activesupport (6.0.0.rc1) lib/active_support/notifications.rb:182:in `instrument'
actionpack (6.0.0.rc1) lib/action_dispatch/middleware/stack.rb:56:in `call'
rack (2.0.7) lib/rack/sendfile.rb:111:in `call'
actionpack (6.0.0.rc1) lib/action_dispatch/middleware/stack.rb:57:in `block in call'
activesupport (6.0.0.rc1) lib/active_support/notifications.rb:182:in `instrument'
actionpack (6.0.0.rc1) lib/action_dispatch/middleware/stack.rb:56:in `call'
actionpack (6.0.0.rc1) lib/action_dispatch/middleware/host_authorization.rb:83:in `call'
actionpack (6.0.0.rc1) lib/action_dispatch/middleware/stack.rb:57:in `block in call'
activesupport (6.0.0.rc1) lib/active_support/notifications.rb:182:in `instrument'
actionpack (6.0.0.rc1) lib/action_dispatch/middleware/stack.rb:56:in `call'
webpacker (4.0.7) lib/webpacker/dev_server_proxy.rb:29:in `perform_request'
rack-proxy (0.6.5) lib/rack/proxy.rb:57:in `call'
actionpack (6.0.0.rc1) lib/action_dispatch/middleware/stack.rb:57:in `block in call'
activesupport (6.0.0.rc1) lib/active_support/notifications.rb:182:in `instrument'
actionpack (6.0.0.rc1) lib/action_dispatch/middleware/stack.rb:56:in `call'
railties (6.0.0.rc1) lib/rails/engine.rb:526:in `call'
puma (3.12.1) lib/puma/configuration.rb:227:in `call'
puma (3.12.1) lib/puma/server.rb:660:in `handle_request'
puma (3.12.1) lib/puma/server.rb:474:in `process_client'
puma (3.12.1) lib/puma/server.rb:334:in `block in run'
puma (3.12.1) lib/puma/thread_pool.rb:135:in `block in spawn_thread'
Started GET "/homepage/index" for ::1 at 2019-07-01 14:34:52 +0530
  
ActionController::RoutingError (No route matches [GET] "/homepage/index"):
  
actionpack (6.0.0.rc1) lib/action_dispatch/middleware/debug_exceptions.rb:36:in `call'
actionpack (6.0.0.rc1) lib/action_dispatch/middleware/stack.rb:57:in `block in call'
activesupport (6.0.0.rc1) lib/active_support/notifications.rb:182:in `instrument'
actionpack (6.0.0.rc1) lib/action_dispatch/middleware/stack.rb:56:in `call'
web-console (4.0.0) lib/web_console/middleware.rb:132:in `call_app'
web-console (4.0.0) lib/web_console/middleware.rb:28:in `block in call'
web-console (4.0.0) lib/web_console/middleware.rb:17:in `catch'
web-console (4.0.0) lib/web_console/middleware.rb:17:in `call'
actionpack (6.0.0.rc1) lib/action_dispatch/middleware/stack.rb:57:in `block in call'
activesupport (6.0.0.rc1) lib/active_support/notifications.rb:182:in `instrument'
actionpack (6.0.0.rc1) lib/action_dispatch/middleware/stack.rb:56:in `call'
actionpack (6.0.0.rc1) lib/action_dispatch/middleware/show_exceptions.rb:33:in `call'
actionpack (6.0.0.rc1) lib/action_dispatch/middleware/stack.rb:57:in `block in call'
activesupport (6.0.0.rc1) lib/active_support/notifications.rb:182:in `instrument'
actionpack (6.0.0.rc1) lib/action_dispatch/middleware/stack.rb:56:in `call'
railties (6.0.0.rc1) lib/rails/rack/logger.rb:38:in `call_app'
railties (6.0.0.rc1) lib/rails/rack/logger.rb:26:in `block in call'
activesupport (6.0.0.rc1) lib/active_support/tagged_logging.rb:80:in `block in tagged'
activesupport (6.0.0.rc1) lib/active_support/tagged_logging.rb:28:in `tagged'
activesupport (6.0.0.rc1) lib/active_support/tagged_logging.rb:80:in `tagged'
railties (6.0.0.rc1) lib/rails/rack/logger.rb:26:in `call'
actionpack (6.0.0.rc1) lib/action_dispatch/middleware/stack.rb:57:in `block in call'
activesupport (6.0.0.rc1) lib/active_support/notifications.rb:182:in `instrument'
actionpack (6.0.0.rc1) lib/action_dispatch/middleware/stack.rb:56:in `call'
sprockets-rails (3.2.1) lib/sprockets/rails/quiet_assets.rb:13:in `call'
actionpack (6.0.0.rc1) lib/action_dispatch/middleware/stack.rb:57:in `block in call'
activesupport (6.0.0.rc1) lib/active_support/notifications.rb:182:in `instrument'
actionpack (6.0.0.rc1) lib/action_dispatch/middleware/stack.rb:56:in `call'
actionpack (6.0.0.rc1) lib/action_dispatch/middleware/remote_ip.rb:81:in `call'
actionpack (6.0.0.rc1) lib/action_dispatch/middleware/stack.rb:57:in `block in call'
activesupport (6.0.0.rc1) lib/active_support/notifications.rb:182:in `instrument'
actionpack (6.0.0.rc1) lib/action_dispatch/middleware/stack.rb:56:in `call'
actionpack (6.0.0.rc1) lib/action_dispatch/middleware/request_id.rb:27:in `call'
actionpack (6.0.0.rc1) lib/action_dispatch/middleware/stack.rb:57:in `block in call'
activesupport (6.0.0.rc1) lib/active_support/notifications.rb:182:in `instrument'
actionpack (6.0.0.rc1) lib/action_dispatch/middleware/stack.rb:56:in `call'
rack (2.0.7) lib/rack/method_override.rb:22:in `call'
actionpack (6.0.0.rc1) lib/action_dispatch/middleware/stack.rb:57:in `block in call'
activesupport (6.0.0.rc1) lib/active_support/notifications.rb:182:in `instrument'
actionpack (6.0.0.rc1) lib/action_dispatch/middleware/stack.rb:56:in `call'
rack (2.0.7) lib/rack/runtime.rb:22:in `call'
actionpack (6.0.0.rc1) lib/action_dispatch/middleware/stack.rb:57:in `block in call'
activesupport (6.0.0.rc1) lib/active_support/notifications.rb:182:in `instrument'
actionpack (6.0.0.rc1) lib/action_dispatch/middleware/stack.rb:56:in `call'
activesupport (6.0.0.rc1) lib/active_support/cache/strategy/local_cache_middleware.rb:29:in `call'
actionpack (6.0.0.rc1) lib/action_dispatch/middleware/stack.rb:57:in `block in call'
activesupport (6.0.0.rc1) lib/active_support/notifications.rb:182:in `instrument'
actionpack (6.0.0.rc1) lib/action_dispatch/middleware/stack.rb:56:in `call'
actionpack (6.0.0.rc1) lib/action_dispatch/middleware/executor.rb:14:in `call'
actionpack (6.0.0.rc1) lib/action_dispatch/middleware/stack.rb:57:in `block in call'
activesupport (6.0.0.rc1) lib/active_support/notifications.rb:182:in `instrument'
actionpack (6.0.0.rc1) lib/action_dispatch/middleware/stack.rb:56:in `call'
actionpack (6.0.0.rc1) lib/action_dispatch/middleware/static.rb:126:in `call'
actionpack (6.0.0.rc1) lib/action_dispatch/middleware/stack.rb:57:in `block in call'
activesupport (6.0.0.rc1) lib/active_support/notifications.rb:182:in `instrument'
actionpack (6.0.0.rc1) lib/action_dispatch/middleware/stack.rb:56:in `call'
rack (2.0.7) lib/rack/sendfile.rb:111:in `call'
actionpack (6.0.0.rc1) lib/action_dispatch/middleware/stack.rb:57:in `block in call'
activesupport (6.0.0.rc1) lib/active_support/notifications.rb:182:in `instrument'
actionpack (6.0.0.rc1) lib/action_dispatch/middleware/stack.rb:56:in `call'
actionpack (6.0.0.rc1) lib/action_dispatch/middleware/host_authorization.rb:83:in `call'
actionpack (6.0.0.rc1) lib/action_dispatch/middleware/stack.rb:57:in `block in call'
activesupport (6.0.0.rc1) lib/active_support/notifications.rb:182:in `instrument'
actionpack (6.0.0.rc1) lib/action_dispatch/middleware/stack.rb:56:in `call'
webpacker (4.0.7) lib/webpacker/dev_server_proxy.rb:29:in `perform_request'
rack-proxy (0.6.5) lib/rack/proxy.rb:57:in `call'
actionpack (6.0.0.rc1) lib/action_dispatch/middleware/stack.rb:57:in `block in call'
activesupport (6.0.0.rc1) lib/active_support/notifications.rb:182:in `instrument'
actionpack (6.0.0.rc1) lib/action_dispatch/middleware/stack.rb:56:in `call'
railties (6.0.0.rc1) lib/rails/engine.rb:526:in `call'
puma (3.12.1) lib/puma/configuration.rb:227:in `call'
puma (3.12.1) lib/puma/server.rb:660:in `handle_request'
puma (3.12.1) lib/puma/server.rb:474:in `process_client'
puma (3.12.1) lib/puma/server.rb:334:in `block in run'
puma (3.12.1) lib/puma/thread_pool.rb:135:in `block in spawn_thread'
Started GET "/home/index" for ::1 at 2019-07-01 14:35:21 +0530
Processing by HomeController#index as HTML
  Rendering home/index.html.erb within layouts/application
  Rendered home/index.html.erb within layouts/application (Duration: 0.6ms | Allocations: 85)
Completed 200 OK in 10ms (Views: 9.2ms | ActiveRecord: 0.0ms | Allocations: 7052)


Started GET "/home/index" for ::1 at 2019-07-01 14:35:22 +0530
Processing by HomeController#index as HTML
  Rendering home/index.html.erb within layouts/application
  Rendered home/index.html.erb within layouts/application (Duration: 0.0ms | Allocations: 4)
Completed 200 OK in 8ms (Views: 7.3ms | ActiveRecord: 0.0ms | Allocations: 6531)


Started GET "/homepage.index" for ::1 at 2019-07-01 14:51:15 +0530
  [1m[35m (0.1ms)[0m  [1m[34mSELECT sqlite_version(*)[0m
  
ActionController::RoutingError (No route matches [GET] "/homepage.index"):
  
actionpack (6.0.0.rc1) lib/action_dispatch/middleware/debug_exceptions.rb:36:in `call'
actionpack (6.0.0.rc1) lib/action_dispatch/middleware/stack.rb:57:in `block in call'
activesupport (6.0.0.rc1) lib/active_support/notifications.rb:182:in `instrument'
actionpack (6.0.0.rc1) lib/action_dispatch/middleware/stack.rb:56:in `call'
web-console (4.0.0) lib/web_console/middleware.rb:132:in `call_app'
web-console (4.0.0) lib/web_console/middleware.rb:28:in `block in call'
web-console (4.0.0) lib/web_console/middleware.rb:17:in `catch'
web-console (4.0.0) lib/web_console/middleware.rb:17:in `call'
actionpack (6.0.0.rc1) lib/action_dispatch/middleware/stack.rb:57:in `block in call'
activesupport (6.0.0.rc1) lib/active_support/notifications.rb:182:in `instrument'
actionpack (6.0.0.rc1) lib/action_dispatch/middleware/stack.rb:56:in `call'
actionpack (6.0.0.rc1) lib/action_dispatch/middleware/show_exceptions.rb:33:in `call'
actionpack (6.0.0.rc1) lib/action_dispatch/middleware/stack.rb:57:in `block in call'
activesupport (6.0.0.rc1) lib/active_support/notifications.rb:182:in `instrument'
actionpack (6.0.0.rc1) lib/action_dispatch/middleware/stack.rb:56:in `call'
railties (6.0.0.rc1) lib/rails/rack/logger.rb:38:in `call_app'
railties (6.0.0.rc1) lib/rails/rack/logger.rb:26:in `block in call'
activesupport (6.0.0.rc1) lib/active_support/tagged_logging.rb:80:in `block in tagged'
activesupport (6.0.0.rc1) lib/active_support/tagged_logging.rb:28:in `tagged'
activesupport (6.0.0.rc1) lib/active_support/tagged_logging.rb:80:in `tagged'
railties (6.0.0.rc1) lib/rails/rack/logger.rb:26:in `call'
actionpack (6.0.0.rc1) lib/action_dispatch/middleware/stack.rb:57:in `block in call'
activesupport (6.0.0.rc1) lib/active_support/notifications.rb:182:in `instrument'
actionpack (6.0.0.rc1) lib/action_dispatch/middleware/stack.rb:56:in `call'
sprockets-rails (3.2.1) lib/sprockets/rails/quiet_assets.rb:13:in `call'
actionpack (6.0.0.rc1) lib/action_dispatch/middleware/stack.rb:57:in `block in call'
activesupport (6.0.0.rc1) lib/active_support/notifications.rb:182:in `instrument'
actionpack (6.0.0.rc1) lib/action_dispatch/middleware/stack.rb:56:in `call'
actionpack (6.0.0.rc1) lib/action_dispatch/middleware/remote_ip.rb:81:in `call'
actionpack (6.0.0.rc1) lib/action_dispatch/middleware/stack.rb:57:in `block in call'
activesupport (6.0.0.rc1) lib/active_support/notifications.rb:182:in `instrument'
actionpack (6.0.0.rc1) lib/action_dispatch/middleware/stack.rb:56:in `call'
actionpack (6.0.0.rc1) lib/action_dispatch/middleware/request_id.rb:27:in `call'
actionpack (6.0.0.rc1) lib/action_dispatch/middleware/stack.rb:57:in `block in call'
activesupport (6.0.0.rc1) lib/active_support/notifications.rb:182:in `instrument'
actionpack (6.0.0.rc1) lib/action_dispatch/middleware/stack.rb:56:in `call'
rack (2.0.7) lib/rack/method_override.rb:22:in `call'
actionpack (6.0.0.rc1) lib/action_dispatch/middleware/stack.rb:57:in `block in call'
activesupport (6.0.0.rc1) lib/active_support/notifications.rb:182:in `instrument'
actionpack (6.0.0.rc1) lib/action_dispatch/middleware/stack.rb:56:in `call'
rack (2.0.7) lib/rack/runtime.rb:22:in `call'
actionpack (6.0.0.rc1) lib/action_dispatch/middleware/stack.rb:57:in `block in call'
activesupport (6.0.0.rc1) lib/active_support/notifications.rb:182:in `instrument'
actionpack (6.0.0.rc1) lib/action_dispatch/middleware/stack.rb:56:in `call'
activesupport (6.0.0.rc1) lib/active_support/cache/strategy/local_cache_middleware.rb:29:in `call'
actionpack (6.0.0.rc1) lib/action_dispatch/middleware/stack.rb:57:in `block in call'
activesupport (6.0.0.rc1) lib/active_support/notifications.rb:182:in `instrument'
actionpack (6.0.0.rc1) lib/action_dispatch/middleware/stack.rb:56:in `call'
actionpack (6.0.0.rc1) lib/action_dispatch/middleware/executor.rb:14:in `call'
actionpack (6.0.0.rc1) lib/action_dispatch/middleware/stack.rb:57:in `block in call'
activesupport (6.0.0.rc1) lib/active_support/notifications.rb:182:in `instrument'
actionpack (6.0.0.rc1) lib/action_dispatch/middleware/stack.rb:56:in `call'
actionpack (6.0.0.rc1) lib/action_dispatch/middleware/static.rb:126:in `call'
actionpack (6.0.0.rc1) lib/action_dispatch/middleware/stack.rb:57:in `block in call'
activesupport (6.0.0.rc1) lib/active_support/notifications.rb:182:in `instrument'
actionpack (6.0.0.rc1) lib/action_dispatch/middleware/stack.rb:56:in `call'
rack (2.0.7) lib/rack/sendfile.rb:111:in `call'
actionpack (6.0.0.rc1) lib/action_dispatch/middleware/stack.rb:57:in `block in call'
activesupport (6.0.0.rc1) lib/active_support/notifications.rb:182:in `instrument'
actionpack (6.0.0.rc1) lib/action_dispatch/middleware/stack.rb:56:in `call'
actionpack (6.0.0.rc1) lib/action_dispatch/middleware/host_authorization.rb:83:in `call'
actionpack (6.0.0.rc1) lib/action_dispatch/middleware/stack.rb:57:in `block in call'
activesupport (6.0.0.rc1) lib/active_support/notifications.rb:182:in `instrument'
actionpack (6.0.0.rc1) lib/action_dispatch/middleware/stack.rb:56:in `call'
webpacker (4.0.7) lib/webpacker/dev_server_proxy.rb:29:in `perform_request'
rack-proxy (0.6.5) lib/rack/proxy.rb:57:in `call'
actionpack (6.0.0.rc1) lib/action_dispatch/middleware/stack.rb:57:in `block in call'
activesupport (6.0.0.rc1) lib/active_support/notifications.rb:182:in `instrument'
actionpack (6.0.0.rc1) lib/action_dispatch/middleware/stack.rb:56:in `call'
railties (6.0.0.rc1) lib/rails/engine.rb:526:in `call'
puma (3.12.1) lib/puma/configuration.rb:227:in `call'
puma (3.12.1) lib/puma/server.rb:660:in `handle_request'
puma (3.12.1) lib/puma/server.rb:474:in `process_client'
puma (3.12.1) lib/puma/server.rb:334:in `block in run'
puma (3.12.1) lib/puma/thread_pool.rb:135:in `block in spawn_thread'
Started GET "/homepage/index" for ::1 at 2019-07-01 14:51:15 +0530
  
ActionController::RoutingError (No route matches [GET] "/homepage/index"):
  
actionpack (6.0.0.rc1) lib/action_dispatch/middleware/debug_exceptions.rb:36:in `call'
actionpack (6.0.0.rc1) lib/action_dispatch/middleware/stack.rb:57:in `block in call'
activesupport (6.0.0.rc1) lib/active_support/notifications.rb:182:in `instrument'
actionpack (6.0.0.rc1) lib/action_dispatch/middleware/stack.rb:56:in `call'
web-console (4.0.0) lib/web_console/middleware.rb:132:in `call_app'
web-console (4.0.0) lib/web_console/middleware.rb:28:in `block in call'
web-console (4.0.0) lib/web_console/middleware.rb:17:in `catch'
web-console (4.0.0) lib/web_console/middleware.rb:17:in `call'
actionpack (6.0.0.rc1) lib/action_dispatch/middleware/stack.rb:57:in `block in call'
activesupport (6.0.0.rc1) lib/active_support/notifications.rb:182:in `instrument'
actionpack (6.0.0.rc1) lib/action_dispatch/middleware/stack.rb:56:in `call'
actionpack (6.0.0.rc1) lib/action_dispatch/middleware/show_exceptions.rb:33:in `call'
actionpack (6.0.0.rc1) lib/action_dispatch/middleware/stack.rb:57:in `block in call'
activesupport (6.0.0.rc1) lib/active_support/notifications.rb:182:in `instrument'
actionpack (6.0.0.rc1) lib/action_dispatch/middleware/stack.rb:56:in `call'
railties (6.0.0.rc1) lib/rails/rack/logger.rb:38:in `call_app'
railties (6.0.0.rc1) lib/rails/rack/logger.rb:26:in `block in call'
activesupport (6.0.0.rc1) lib/active_support/tagged_logging.rb:80:in `block in tagged'
activesupport (6.0.0.rc1) lib/active_support/tagged_logging.rb:28:in `tagged'
activesupport (6.0.0.rc1) lib/active_support/tagged_logging.rb:80:in `tagged'
railties (6.0.0.rc1) lib/rails/rack/logger.rb:26:in `call'
actionpack (6.0.0.rc1) lib/action_dispatch/middleware/stack.rb:57:in `block in call'
activesupport (6.0.0.rc1) lib/active_support/notifications.rb:182:in `instrument'
actionpack (6.0.0.rc1) lib/action_dispatch/middleware/stack.rb:56:in `call'
sprockets-rails (3.2.1) lib/sprockets/rails/quiet_assets.rb:13:in `call'
actionpack (6.0.0.rc1) lib/action_dispatch/middleware/stack.rb:57:in `block in call'
activesupport (6.0.0.rc1) lib/active_support/notifications.rb:182:in `instrument'
actionpack (6.0.0.rc1) lib/action_dispatch/middleware/stack.rb:56:in `call'
actionpack (6.0.0.rc1) lib/action_dispatch/middleware/remote_ip.rb:81:in `call'
actionpack (6.0.0.rc1) lib/action_dispatch/middleware/stack.rb:57:in `block in call'
activesupport (6.0.0.rc1) lib/active_support/notifications.rb:182:in `instrument'
actionpack (6.0.0.rc1) lib/action_dispatch/middleware/stack.rb:56:in `call'
actionpack (6.0.0.rc1) lib/action_dispatch/middleware/request_id.rb:27:in `call'
actionpack (6.0.0.rc1) lib/action_dispatch/middleware/stack.rb:57:in `block in call'
activesupport (6.0.0.rc1) lib/active_support/notifications.rb:182:in `instrument'
actionpack (6.0.0.rc1) lib/action_dispatch/middleware/stack.rb:56:in `call'
rack (2.0.7) lib/rack/method_override.rb:22:in `call'
actionpack (6.0.0.rc1) lib/action_dispatch/middleware/stack.rb:57:in `block in call'
activesupport (6.0.0.rc1) lib/active_support/notifications.rb:182:in `instrument'
actionpack (6.0.0.rc1) lib/action_dispatch/middleware/stack.rb:56:in `call'
rack (2.0.7) lib/rack/runtime.rb:22:in `call'
actionpack (6.0.0.rc1) lib/action_dispatch/middleware/stack.rb:57:in `block in call'
activesupport (6.0.0.rc1) lib/active_support/notifications.rb:182:in `instrument'
actionpack (6.0.0.rc1) lib/action_dispatch/middleware/stack.rb:56:in `call'
activesupport (6.0.0.rc1) lib/active_support/cache/strategy/local_cache_middleware.rb:29:in `call'
actionpack (6.0.0.rc1) lib/action_dispatch/middleware/stack.rb:57:in `block in call'
activesupport (6.0.0.rc1) lib/active_support/notifications.rb:182:in `instrument'
actionpack (6.0.0.rc1) lib/action_dispatch/middleware/stack.rb:56:in `call'
actionpack (6.0.0.rc1) lib/action_dispatch/middleware/executor.rb:14:in `call'
actionpack (6.0.0.rc1) lib/action_dispatch/middleware/stack.rb:57:in `block in call'
activesupport (6.0.0.rc1) lib/active_support/notifications.rb:182:in `instrument'
actionpack (6.0.0.rc1) lib/action_dispatch/middleware/stack.rb:56:in `call'
actionpack (6.0.0.rc1) lib/action_dispatch/middleware/static.rb:126:in `call'
actionpack (6.0.0.rc1) lib/action_dispatch/middleware/stack.rb:57:in `block in call'
activesupport (6.0.0.rc1) lib/active_support/notifications.rb:182:in `instrument'
actionpack (6.0.0.rc1) lib/action_dispatch/middleware/stack.rb:56:in `call'
rack (2.0.7) lib/rack/sendfile.rb:111:in `call'
actionpack (6.0.0.rc1) lib/action_dispatch/middleware/stack.rb:57:in `block in call'
activesupport (6.0.0.rc1) lib/active_support/notifications.rb:182:in `instrument'
actionpack (6.0.0.rc1) lib/action_dispatch/middleware/stack.rb:56:in `call'
actionpack (6.0.0.rc1) lib/action_dispatch/middleware/host_authorization.rb:83:in `call'
actionpack (6.0.0.rc1) lib/action_dispatch/middleware/stack.rb:57:in `block in call'
activesupport (6.0.0.rc1) lib/active_support/notifications.rb:182:in `instrument'
actionpack (6.0.0.rc1) lib/action_dispatch/middleware/stack.rb:56:in `call'
webpacker (4.0.7) lib/webpacker/dev_server_proxy.rb:29:in `perform_request'
rack-proxy (0.6.5) lib/rack/proxy.rb:57:in `call'
actionpack (6.0.0.rc1) lib/action_dispatch/middleware/stack.rb:57:in `block in call'
activesupport (6.0.0.rc1) lib/active_support/notifications.rb:182:in `instrument'
actionpack (6.0.0.rc1) lib/action_dispatch/middleware/stack.rb:56:in `call'
railties (6.0.0.rc1) lib/rails/engine.rb:526:in `call'
puma (3.12.1) lib/puma/configuration.rb:227:in `call'
puma (3.12.1) lib/puma/server.rb:660:in `handle_request'
puma (3.12.1) lib/puma/server.rb:474:in `process_client'
puma (3.12.1) lib/puma/server.rb:334:in `block in run'
puma (3.12.1) lib/puma/thread_pool.rb:135:in `block in spawn_thread'
Started GET "/" for ::1 at 2019-07-01 14:51:16 +0530
Processing by HomepageController#index as HTML
  Rendering homepage/index.html.erb within layouts/application
  Rendered homepage/index.html.erb within layouts/application (Duration: 0.0ms | Allocations: 4)
Completed 200 OK in 6ms (Views: 5.8ms | ActiveRecord: 0.0ms | Allocations: 6535)


Started GET "/" for ::1 at 2019-07-01 14:51:17 +0530
Processing by HomepageController#index as HTML
  Rendering homepage/index.html.erb within layouts/application
  Rendered homepage/index.html.erb within layouts/application (Duration: 0.0ms | Allocations: 4)
Completed 200 OK in 6ms (Views: 5.7ms | ActiveRecord: 0.0ms | Allocations: 6537)


Started GET "/" for ::1 at 2019-07-09 11:12:46 +0530
  [1m[35m (1.0ms)[0m  [1m[34mSELECT sqlite_version(*)[0m
Processing by HomepageController#index as HTML
  Rendering homepage/index.html.erb within layouts/application
  Rendered homepage/index.html.erb within layouts/application (Duration: 1.9ms | Allocations: 200)
Completed 200 OK in 2152ms (Views: 2142.1ms | ActiveRecord: 0.0ms | Allocations: 1443340)


Started GET "/homepage/index" for ::1 at 2019-07-09 11:14:44 +0530
  
ActionController::RoutingError (No route matches [GET] "/homepage/index"):
  
actionpack (6.0.0.rc1) lib/action_dispatch/middleware/debug_exceptions.rb:36:in `call'
actionpack (6.0.0.rc1) lib/action_dispatch/middleware/stack.rb:57:in `block in call'
activesupport (6.0.0.rc1) lib/active_support/notifications.rb:182:in `instrument'
actionpack (6.0.0.rc1) lib/action_dispatch/middleware/stack.rb:56:in `call'
web-console (4.0.0) lib/web_console/middleware.rb:132:in `call_app'
web-console (4.0.0) lib/web_console/middleware.rb:28:in `block in call'
web-console (4.0.0) lib/web_console/middleware.rb:17:in `catch'
web-console (4.0.0) lib/web_console/middleware.rb:17:in `call'
actionpack (6.0.0.rc1) lib/action_dispatch/middleware/stack.rb:57:in `block in call'
activesupport (6.0.0.rc1) lib/active_support/notifications.rb:182:in `instrument'
actionpack (6.0.0.rc1) lib/action_dispatch/middleware/stack.rb:56:in `call'
actionpack (6.0.0.rc1) lib/action_dispatch/middleware/show_exceptions.rb:33:in `call'
actionpack (6.0.0.rc1) lib/action_dispatch/middleware/stack.rb:57:in `block in call'
activesupport (6.0.0.rc1) lib/active_support/notifications.rb:182:in `instrument'
actionpack (6.0.0.rc1) lib/action_dispatch/middleware/stack.rb:56:in `call'
railties (6.0.0.rc1) lib/rails/rack/logger.rb:38:in `call_app'
railties (6.0.0.rc1) lib/rails/rack/logger.rb:26:in `block in call'
activesupport (6.0.0.rc1) lib/active_support/tagged_logging.rb:80:in `block in tagged'
activesupport (6.0.0.rc1) lib/active_support/tagged_logging.rb:28:in `tagged'
activesupport (6.0.0.rc1) lib/active_support/tagged_logging.rb:80:in `tagged'
railties (6.0.0.rc1) lib/rails/rack/logger.rb:26:in `call'
actionpack (6.0.0.rc1) lib/action_dispatch/middleware/stack.rb:57:in `block in call'
activesupport (6.0.0.rc1) lib/active_support/notifications.rb:182:in `instrument'
actionpack (6.0.0.rc1) lib/action_dispatch/middleware/stack.rb:56:in `call'
sprockets-rails (3.2.1) lib/sprockets/rails/quiet_assets.rb:13:in `call'
actionpack (6.0.0.rc1) lib/action_dispatch/middleware/stack.rb:57:in `block in call'
activesupport (6.0.0.rc1) lib/active_support/notifications.rb:182:in `instrument'
actionpack (6.0.0.rc1) lib/action_dispatch/middleware/stack.rb:56:in `call'
actionpack (6.0.0.rc1) lib/action_dispatch/middleware/remote_ip.rb:81:in `call'
actionpack (6.0.0.rc1) lib/action_dispatch/middleware/stack.rb:57:in `block in call'
activesupport (6.0.0.rc1) lib/active_support/notifications.rb:182:in `instrument'
actionpack (6.0.0.rc1) lib/action_dispatch/middleware/stack.rb:56:in `call'
actionpack (6.0.0.rc1) lib/action_dispatch/middleware/request_id.rb:27:in `call'
actionpack (6.0.0.rc1) lib/action_dispatch/middleware/stack.rb:57:in `block in call'
activesupport (6.0.0.rc1) lib/active_support/notifications.rb:182:in `instrument'
actionpack (6.0.0.rc1) lib/action_dispatch/middleware/stack.rb:56:in `call'
rack (2.0.7) lib/rack/method_override.rb:22:in `call'
actionpack (6.0.0.rc1) lib/action_dispatch/middleware/stack.rb:57:in `block in call'
activesupport (6.0.0.rc1) lib/active_support/notifications.rb:182:in `instrument'
actionpack (6.0.0.rc1) lib/action_dispatch/middleware/stack.rb:56:in `call'
rack (2.0.7) lib/rack/runtime.rb:22:in `call'
actionpack (6.0.0.rc1) lib/action_dispatch/middleware/stack.rb:57:in `block in call'
activesupport (6.0.0.rc1) lib/active_support/notifications.rb:182:in `instrument'
actionpack (6.0.0.rc1) lib/action_dispatch/middleware/stack.rb:56:in `call'
activesupport (6.0.0.rc1) lib/active_support/cache/strategy/local_cache_middleware.rb:29:in `call'
actionpack (6.0.0.rc1) lib/action_dispatch/middleware/stack.rb:57:in `block in call'
activesupport (6.0.0.rc1) lib/active_support/notifications.rb:182:in `instrument'
actionpack (6.0.0.rc1) lib/action_dispatch/middleware/stack.rb:56:in `call'
actionpack (6.0.0.rc1) lib/action_dispatch/middleware/executor.rb:14:in `call'
actionpack (6.0.0.rc1) lib/action_dispatch/middleware/stack.rb:57:in `block in call'
activesupport (6.0.0.rc1) lib/active_support/notifications.rb:182:in `instrument'
actionpack (6.0.0.rc1) lib/action_dispatch/middleware/stack.rb:56:in `call'
actionpack (6.0.0.rc1) lib/action_dispatch/middleware/static.rb:126:in `call'
actionpack (6.0.0.rc1) lib/action_dispatch/middleware/stack.rb:57:in `block in call'
activesupport (6.0.0.rc1) lib/active_support/notifications.rb:182:in `instrument'
actionpack (6.0.0.rc1) lib/action_dispatch/middleware/stack.rb:56:in `call'
rack (2.0.7) lib/rack/sendfile.rb:111:in `call'
actionpack (6.0.0.rc1) lib/action_dispatch/middleware/stack.rb:57:in `block in call'
activesupport (6.0.0.rc1) lib/active_support/notifications.rb:182:in `instrument'
actionpack (6.0.0.rc1) lib/action_dispatch/middleware/stack.rb:56:in `call'
actionpack (6.0.0.rc1) lib/action_dispatch/middleware/host_authorization.rb:83:in `call'
actionpack (6.0.0.rc1) lib/action_dispatch/middleware/stack.rb:57:in `block in call'
activesupport (6.0.0.rc1) lib/active_support/notifications.rb:182:in `instrument'
actionpack (6.0.0.rc1) lib/action_dispatch/middleware/stack.rb:56:in `call'
webpacker (4.0.7) lib/webpacker/dev_server_proxy.rb:29:in `perform_request'
rack-proxy (0.6.5) lib/rack/proxy.rb:57:in `call'
actionpack (6.0.0.rc1) lib/action_dispatch/middleware/stack.rb:57:in `block in call'
activesupport (6.0.0.rc1) lib/active_support/notifications.rb:182:in `instrument'
actionpack (6.0.0.rc1) lib/action_dispatch/middleware/stack.rb:56:in `call'
railties (6.0.0.rc1) lib/rails/engine.rb:526:in `call'
puma (3.12.1) lib/puma/configuration.rb:227:in `call'
puma (3.12.1) lib/puma/server.rb:660:in `handle_request'
puma (3.12.1) lib/puma/server.rb:474:in `process_client'
puma (3.12.1) lib/puma/server.rb:334:in `block in run'
puma (3.12.1) lib/puma/thread_pool.rb:135:in `block in spawn_thread'
Started GET "/homepage/index" for ::1 at 2019-07-09 11:14:45 +0530
  
ActionController::RoutingError (No route matches [GET] "/homepage/index"):
  
actionpack (6.0.0.rc1) lib/action_dispatch/middleware/debug_exceptions.rb:36:in `call'
actionpack (6.0.0.rc1) lib/action_dispatch/middleware/stack.rb:57:in `block in call'
activesupport (6.0.0.rc1) lib/active_support/notifications.rb:182:in `instrument'
actionpack (6.0.0.rc1) lib/action_dispatch/middleware/stack.rb:56:in `call'
web-console (4.0.0) lib/web_console/middleware.rb:132:in `call_app'
web-console (4.0.0) lib/web_console/middleware.rb:28:in `block in call'
web-console (4.0.0) lib/web_console/middleware.rb:17:in `catch'
web-console (4.0.0) lib/web_console/middleware.rb:17:in `call'
actionpack (6.0.0.rc1) lib/action_dispatch/middleware/stack.rb:57:in `block in call'
activesupport (6.0.0.rc1) lib/active_support/notifications.rb:182:in `instrument'
actionpack (6.0.0.rc1) lib/action_dispatch/middleware/stack.rb:56:in `call'
actionpack (6.0.0.rc1) lib/action_dispatch/middleware/show_exceptions.rb:33:in `call'
actionpack (6.0.0.rc1) lib/action_dispatch/middleware/stack.rb:57:in `block in call'
activesupport (6.0.0.rc1) lib/active_support/notifications.rb:182:in `instrument'
actionpack (6.0.0.rc1) lib/action_dispatch/middleware/stack.rb:56:in `call'
railties (6.0.0.rc1) lib/rails/rack/logger.rb:38:in `call_app'
railties (6.0.0.rc1) lib/rails/rack/logger.rb:26:in `block in call'
activesupport (6.0.0.rc1) lib/active_support/tagged_logging.rb:80:in `block in tagged'
activesupport (6.0.0.rc1) lib/active_support/tagged_logging.rb:28:in `tagged'
activesupport (6.0.0.rc1) lib/active_support/tagged_logging.rb:80:in `tagged'
railties (6.0.0.rc1) lib/rails/rack/logger.rb:26:in `call'
actionpack (6.0.0.rc1) lib/action_dispatch/middleware/stack.rb:57:in `block in call'
activesupport (6.0.0.rc1) lib/active_support/notifications.rb:182:in `instrument'
actionpack (6.0.0.rc1) lib/action_dispatch/middleware/stack.rb:56:in `call'
sprockets-rails (3.2.1) lib/sprockets/rails/quiet_assets.rb:13:in `call'
actionpack (6.0.0.rc1) lib/action_dispatch/middleware/stack.rb:57:in `block in call'
activesupport (6.0.0.rc1) lib/active_support/notifications.rb:182:in `instrument'
actionpack (6.0.0.rc1) lib/action_dispatch/middleware/stack.rb:56:in `call'
actionpack (6.0.0.rc1) lib/action_dispatch/middleware/remote_ip.rb:81:in `call'
actionpack (6.0.0.rc1) lib/action_dispatch/middleware/stack.rb:57:in `block in call'
activesupport (6.0.0.rc1) lib/active_support/notifications.rb:182:in `instrument'
actionpack (6.0.0.rc1) lib/action_dispatch/middleware/stack.rb:56:in `call'
actionpack (6.0.0.rc1) lib/action_dispatch/middleware/request_id.rb:27:in `call'
actionpack (6.0.0.rc1) lib/action_dispatch/middleware/stack.rb:57:in `block in call'
activesupport (6.0.0.rc1) lib/active_support/notifications.rb:182:in `instrument'
actionpack (6.0.0.rc1) lib/action_dispatch/middleware/stack.rb:56:in `call'
rack (2.0.7) lib/rack/method_override.rb:22:in `call'
actionpack (6.0.0.rc1) lib/action_dispatch/middleware/stack.rb:57:in `block in call'
activesupport (6.0.0.rc1) lib/active_support/notifications.rb:182:in `instrument'
actionpack (6.0.0.rc1) lib/action_dispatch/middleware/stack.rb:56:in `call'
rack (2.0.7) lib/rack/runtime.rb:22:in `call'
actionpack (6.0.0.rc1) lib/action_dispatch/middleware/stack.rb:57:in `block in call'
activesupport (6.0.0.rc1) lib/active_support/notifications.rb:182:in `instrument'
actionpack (6.0.0.rc1) lib/action_dispatch/middleware/stack.rb:56:in `call'
activesupport (6.0.0.rc1) lib/active_support/cache/strategy/local_cache_middleware.rb:29:in `call'
actionpack (6.0.0.rc1) lib/action_dispatch/middleware/stack.rb:57:in `block in call'
activesupport (6.0.0.rc1) lib/active_support/notifications.rb:182:in `instrument'
actionpack (6.0.0.rc1) lib/action_dispatch/middleware/stack.rb:56:in `call'
actionpack (6.0.0.rc1) lib/action_dispatch/middleware/executor.rb:14:in `call'
actionpack (6.0.0.rc1) lib/action_dispatch/middleware/stack.rb:57:in `block in call'
activesupport (6.0.0.rc1) lib/active_support/notifications.rb:182:in `instrument'
actionpack (6.0.0.rc1) lib/action_dispatch/middleware/stack.rb:56:in `call'
actionpack (6.0.0.rc1) lib/action_dispatch/middleware/static.rb:126:in `call'
actionpack (6.0.0.rc1) lib/action_dispatch/middleware/stack.rb:57:in `block in call'
activesupport (6.0.0.rc1) lib/active_support/notifications.rb:182:in `instrument'
actionpack (6.0.0.rc1) lib/action_dispatch/middleware/stack.rb:56:in `call'
rack (2.0.7) lib/rack/sendfile.rb:111:in `call'
actionpack (6.0.0.rc1) lib/action_dispatch/middleware/stack.rb:57:in `block in call'
activesupport (6.0.0.rc1) lib/active_support/notifications.rb:182:in `instrument'
actionpack (6.0.0.rc1) lib/action_dispatch/middleware/stack.rb:56:in `call'
actionpack (6.0.0.rc1) lib/action_dispatch/middleware/host_authorization.rb:83:in `call'
actionpack (6.0.0.rc1) lib/action_dispatch/middleware/stack.rb:57:in `block in call'
activesupport (6.0.0.rc1) lib/active_support/notifications.rb:182:in `instrument'
actionpack (6.0.0.rc1) lib/action_dispatch/middleware/stack.rb:56:in `call'
webpacker (4.0.7) lib/webpacker/dev_server_proxy.rb:29:in `perform_request'
rack-proxy (0.6.5) lib/rack/proxy.rb:57:in `call'
actionpack (6.0.0.rc1) lib/action_dispatch/middleware/stack.rb:57:in `block in call'
activesupport (6.0.0.rc1) lib/active_support/notifications.rb:182:in `instrument'
actionpack (6.0.0.rc1) lib/action_dispatch/middleware/stack.rb:56:in `call'
railties (6.0.0.rc1) lib/rails/engine.rb:526:in `call'
puma (3.12.1) lib/puma/configuration.rb:227:in `call'
puma (3.12.1) lib/puma/server.rb:660:in `handle_request'
puma (3.12.1) lib/puma/server.rb:474:in `process_client'
puma (3.12.1) lib/puma/server.rb:334:in `block in run'
puma (3.12.1) lib/puma/thread_pool.rb:135:in `block in spawn_thread'
Started GET "/homepage/index" for ::1 at 2019-07-09 11:14:52 +0530
  
ActionController::RoutingError (No route matches [GET] "/homepage/index"):
  
actionpack (6.0.0.rc1) lib/action_dispatch/middleware/debug_exceptions.rb:36:in `call'
actionpack (6.0.0.rc1) lib/action_dispatch/middleware/stack.rb:57:in `block in call'
activesupport (6.0.0.rc1) lib/active_support/notifications.rb:182:in `instrument'
actionpack (6.0.0.rc1) lib/action_dispatch/middleware/stack.rb:56:in `call'
web-console (4.0.0) lib/web_console/middleware.rb:132:in `call_app'
web-console (4.0.0) lib/web_console/middleware.rb:28:in `block in call'
web-console (4.0.0) lib/web_console/middleware.rb:17:in `catch'
web-console (4.0.0) lib/web_console/middleware.rb:17:in `call'
actionpack (6.0.0.rc1) lib/action_dispatch/middleware/stack.rb:57:in `block in call'
activesupport (6.0.0.rc1) lib/active_support/notifications.rb:182:in `instrument'
actionpack (6.0.0.rc1) lib/action_dispatch/middleware/stack.rb:56:in `call'
actionpack (6.0.0.rc1) lib/action_dispatch/middleware/show_exceptions.rb:33:in `call'
actionpack (6.0.0.rc1) lib/action_dispatch/middleware/stack.rb:57:in `block in call'
activesupport (6.0.0.rc1) lib/active_support/notifications.rb:182:in `instrument'
actionpack (6.0.0.rc1) lib/action_dispatch/middleware/stack.rb:56:in `call'
railties (6.0.0.rc1) lib/rails/rack/logger.rb:38:in `call_app'
railties (6.0.0.rc1) lib/rails/rack/logger.rb:26:in `block in call'
activesupport (6.0.0.rc1) lib/active_support/tagged_logging.rb:80:in `block in tagged'
activesupport (6.0.0.rc1) lib/active_support/tagged_logging.rb:28:in `tagged'
activesupport (6.0.0.rc1) lib/active_support/tagged_logging.rb:80:in `tagged'
railties (6.0.0.rc1) lib/rails/rack/logger.rb:26:in `call'
actionpack (6.0.0.rc1) lib/action_dispatch/middleware/stack.rb:57:in `block in call'
activesupport (6.0.0.rc1) lib/active_support/notifications.rb:182:in `instrument'
actionpack (6.0.0.rc1) lib/action_dispatch/middleware/stack.rb:56:in `call'
sprockets-rails (3.2.1) lib/sprockets/rails/quiet_assets.rb:13:in `call'
actionpack (6.0.0.rc1) lib/action_dispatch/middleware/stack.rb:57:in `block in call'
activesupport (6.0.0.rc1) lib/active_support/notifications.rb:182:in `instrument'
actionpack (6.0.0.rc1) lib/action_dispatch/middleware/stack.rb:56:in `call'
actionpack (6.0.0.rc1) lib/action_dispatch/middleware/remote_ip.rb:81:in `call'
actionpack (6.0.0.rc1) lib/action_dispatch/middleware/stack.rb:57:in `block in call'
activesupport (6.0.0.rc1) lib/active_support/notifications.rb:182:in `instrument'
actionpack (6.0.0.rc1) lib/action_dispatch/middleware/stack.rb:56:in `call'
actionpack (6.0.0.rc1) lib/action_dispatch/middleware/request_id.rb:27:in `call'
actionpack (6.0.0.rc1) lib/action_dispatch/middleware/stack.rb:57:in `block in call'
activesupport (6.0.0.rc1) lib/active_support/notifications.rb:182:in `instrument'
actionpack (6.0.0.rc1) lib/action_dispatch/middleware/stack.rb:56:in `call'
rack (2.0.7) lib/rack/method_override.rb:22:in `call'
actionpack (6.0.0.rc1) lib/action_dispatch/middleware/stack.rb:57:in `block in call'
activesupport (6.0.0.rc1) lib/active_support/notifications.rb:182:in `instrument'
actionpack (6.0.0.rc1) lib/action_dispatch/middleware/stack.rb:56:in `call'
rack (2.0.7) lib/rack/runtime.rb:22:in `call'
actionpack (6.0.0.rc1) lib/action_dispatch/middleware/stack.rb:57:in `block in call'
activesupport (6.0.0.rc1) lib/active_support/notifications.rb:182:in `instrument'
actionpack (6.0.0.rc1) lib/action_dispatch/middleware/stack.rb:56:in `call'
activesupport (6.0.0.rc1) lib/active_support/cache/strategy/local_cache_middleware.rb:29:in `call'
actionpack (6.0.0.rc1) lib/action_dispatch/middleware/stack.rb:57:in `block in call'
activesupport (6.0.0.rc1) lib/active_support/notifications.rb:182:in `instrument'
actionpack (6.0.0.rc1) lib/action_dispatch/middleware/stack.rb:56:in `call'
actionpack (6.0.0.rc1) lib/action_dispatch/middleware/executor.rb:14:in `call'
actionpack (6.0.0.rc1) lib/action_dispatch/middleware/stack.rb:57:in `block in call'
activesupport (6.0.0.rc1) lib/active_support/notifications.rb:182:in `instrument'
actionpack (6.0.0.rc1) lib/action_dispatch/middleware/stack.rb:56:in `call'
actionpack (6.0.0.rc1) lib/action_dispatch/middleware/static.rb:126:in `call'
actionpack (6.0.0.rc1) lib/action_dispatch/middleware/stack.rb:57:in `block in call'
activesupport (6.0.0.rc1) lib/active_support/notifications.rb:182:in `instrument'
actionpack (6.0.0.rc1) lib/action_dispatch/middleware/stack.rb:56:in `call'
rack (2.0.7) lib/rack/sendfile.rb:111:in `call'
actionpack (6.0.0.rc1) lib/action_dispatch/middleware/stack.rb:57:in `block in call'
activesupport (6.0.0.rc1) lib/active_support/notifications.rb:182:in `instrument'
actionpack (6.0.0.rc1) lib/action_dispatch/middleware/stack.rb:56:in `call'
actionpack (6.0.0.rc1) lib/action_dispatch/middleware/host_authorization.rb:83:in `call'
actionpack (6.0.0.rc1) lib/action_dispatch/middleware/stack.rb:57:in `block in call'
activesupport (6.0.0.rc1) lib/active_support/notifications.rb:182:in `instrument'
actionpack (6.0.0.rc1) lib/action_dispatch/middleware/stack.rb:56:in `call'
webpacker (4.0.7) lib/webpacker/dev_server_proxy.rb:29:in `perform_request'
rack-proxy (0.6.5) lib/rack/proxy.rb:57:in `call'
actionpack (6.0.0.rc1) lib/action_dispatch/middleware/stack.rb:57:in `block in call'
activesupport (6.0.0.rc1) lib/active_support/notifications.rb:182:in `instrument'
actionpack (6.0.0.rc1) lib/action_dispatch/middleware/stack.rb:56:in `call'
railties (6.0.0.rc1) lib/rails/engine.rb:526:in `call'
puma (3.12.1) lib/puma/configuration.rb:227:in `call'
puma (3.12.1) lib/puma/server.rb:660:in `handle_request'
puma (3.12.1) lib/puma/server.rb:474:in `process_client'
puma (3.12.1) lib/puma/server.rb:334:in `block in run'
puma (3.12.1) lib/puma/thread_pool.rb:135:in `block in spawn_thread'
Started GET "/home/index" for ::1 at 2019-07-09 11:14:55 +0530
Processing by HomeController#index as HTML
  Rendering home/index.html.erb within layouts/application
  Rendered home/index.html.erb within layouts/application (Duration: 0.6ms | Allocations: 87)
Completed 200 OK in 9ms (Views: 8.4ms | ActiveRecord: 0.0ms | Allocations: 7222)


Started GET "/home/index" for ::1 at 2019-07-09 11:14:57 +0530
Processing by HomeController#index as HTML
  Rendering home/index.html.erb within layouts/application
  Rendered home/index.html.erb within layouts/application (Duration: 0.0ms | Allocations: 5)
Completed 200 OK in 8ms (Views: 7.8ms | ActiveRecord: 0.0ms | Allocations: 6550)


Started GET "/" for ::1 at 2019-07-09 11:15:03 +0530
Processing by HomepageController#index as HTML
  Rendering homepage/index.html.erb within layouts/application
  Rendered homepage/index.html.erb within layouts/application (Duration: 0.1ms | Allocations: 4)
Completed 200 OK in 12ms (Views: 11.3ms | ActiveRecord: 0.0ms | Allocations: 6533)


Started GET "/" for ::1 at 2019-07-09 11:57:38 +0530
  [1m[35m (0.5ms)[0m  [1m[34mSELECT sqlite_version(*)[0m
Processing by HomepageController#index as HTML
  Rendering homepage/index.html.erb within layouts/application
  Rendered homepage/index.html.erb within layouts/application (Duration: 0.3ms | Allocations: 85)
Completed 200 OK in 33ms (Views: 32.1ms | ActiveRecord: 0.0ms | Allocations: 7555)


Started GET "/home/index" for ::1 at 2019-07-11 11:55:25 +0530
  [1m[35m (1.4ms)[0m  [1m[34mSELECT sqlite_version(*)[0m
Processing by HomeController#index as HTML
  Rendering home/index.html.erb within layouts/application
  Rendered home/index.html.erb within layouts/application (Duration: 2.2ms | Allocations: 200)
Completed 200 OK in 1304ms (Views: 1292.3ms | ActiveRecord: 0.0ms | Allocations: 1442993)


